This is pdfTeX, Version 3.14159265-2.6-1.40.16 (TeX Live 2015) (preloaded format=pdflatex 2015.5.24)  2 JUN 2016 12:56
entering extended mode
 restricted \write18 enabled.
 %&-line parsing enabled.
**SKelly_Thesis_Presentation.tex
(./SKelly_Thesis_Presentation.tex
LaTeX2e <2015/01/01>
Babel <3.9l> and hyphenation patterns for 79 languages loaded.
(/usr/local/texlive/2015/texmf-dist/tex/latex/beamer/beamer.cls
(/usr/local/texlive/2015/texmf-dist/tex/latex/beamer/beamerbasercs.sty
Package: beamerbasercs 2015/03/08 (rcs-revision 368aa9ba9d38)
)
Document Class: beamer 2015/01/05 3.36 A class for typesetting presentations (r
cs-revision 8a39122e1f63)
(/usr/local/texlive/2015/texmf-dist/tex/latex/beamer/beamerbasemodes.sty
Package: beamerbasemodes 2013/09/03 (rcs-revision 768f2d98ca64)
\beamer@tempbox=\box26
\beamer@tempcount=\count79
\c@beamerpauses=\count80

(/usr/local/texlive/2015/texmf-dist/tex/latex/beamer/beamerbasedecode.sty
Package: beamerbasedecode 2010/05/01 (rcs-revision efa082c6111d)
\beamer@slideinframe=\count81
\beamer@minimum=\count82
)
\beamer@commentbox=\box27
\beamer@modecount=\count83
)
(/usr/local/texlive/2015/texmf-dist/tex/generic/oberdiek/ifpdf.sty
Package: ifpdf 2011/01/30 v2.3 Provides the ifpdf switch (HO)
Package ifpdf Info: pdfTeX in PDF mode is detected.
)
\headheight=\dimen102
\headdp=\dimen103
\footheight=\dimen104
\sidebarheight=\dimen105
\beamer@tempdim=\dimen106
\beamer@finalheight=\dimen107
\beamer@animht=\dimen108
\beamer@animdp=\dimen109
\beamer@animwd=\dimen110
\beamer@leftmargin=\dimen111
\beamer@rightmargin=\dimen112
\beamer@leftsidebar=\dimen113
\beamer@rightsidebar=\dimen114
\beamer@boxsize=\dimen115
\beamer@vboxoffset=\dimen116
\beamer@descdefault=\dimen117
\beamer@descriptionwidth=\dimen118
\beamer@lastskip=\skip41
\beamer@areabox=\box28
\beamer@animcurrent=\box29
\beamer@animshowbox=\box30
\beamer@sectionbox=\box31
\beamer@logobox=\box32
\beamer@linebox=\box33
\beamer@sectioncount=\count84
\beamer@subsubsectionmax=\count85
\beamer@subsectionmax=\count86
\beamer@sectionmax=\count87
\beamer@totalheads=\count88
\beamer@headcounter=\count89
\beamer@partstartpage=\count90
\beamer@sectionstartpage=\count91
\beamer@subsectionstartpage=\count92
\beamer@animationtempa=\count93
\beamer@animationtempb=\count94
\beamer@xpos=\count95
\beamer@ypos=\count96
\beamer@showpartnumber=\count97
\beamer@currentsubsection=\count98
\beamer@coveringdepth=\count99
\beamer@sectionadjust=\count100
\beamer@tocsectionnumber=\count101

(/usr/local/texlive/2015/texmf-dist/tex/latex/beamer/beamerbaseoptions.sty
Package: beamerbaseoptions 2013/03/10 (rcs-revision 47431932db0d)

(/usr/local/texlive/2015/texmf-dist/tex/latex/graphics/keyval.sty
Package: keyval 2014/10/28 v1.15 key=value parser (DPC)
\KV@toks@=\toks14
))
\beamer@paperwidth=\skip42
\beamer@paperheight=\skip43

(/usr/local/texlive/2015/texmf-dist/tex/latex/geometry/geometry.sty
Package: geometry 2010/09/12 v5.6 Page Geometry

(/usr/local/texlive/2015/texmf-dist/tex/generic/oberdiek/ifvtex.sty
Package: ifvtex 2010/03/01 v1.5 Detect VTeX and its facilities (HO)
Package ifvtex Info: VTeX not detected.
)
(/usr/local/texlive/2015/texmf-dist/tex/generic/ifxetex/ifxetex.sty
Package: ifxetex 2010/09/12 v0.6 Provides ifxetex conditional
)
\Gm@cnth=\count102
\Gm@cntv=\count103
\c@Gm@tempcnt=\count104
\Gm@bindingoffset=\dimen119
\Gm@wd@mp=\dimen120
\Gm@odd@mp=\dimen121
\Gm@even@mp=\dimen122
\Gm@layoutwidth=\dimen123
\Gm@layoutheight=\dimen124
\Gm@layouthoffset=\dimen125
\Gm@layoutvoffset=\dimen126
\Gm@dimlist=\toks15
)
(/usr/local/texlive/2015/texmf-dist/tex/latex/extsizes/size8.clo
File: size8.clo 1999/11/11 v1.4a NON-Standard LaTeX file (size option)
)
(/usr/local/texlive/2015/texmf-dist/tex/latex/pgf/basiclayer/pgfcore.sty
(/usr/local/texlive/2015/texmf-dist/tex/latex/graphics/graphicx.sty
Package: graphicx 2014/10/28 v1.0g Enhanced LaTeX Graphics (DPC,SPQR)

(/usr/local/texlive/2015/texmf-dist/tex/latex/graphics/graphics.sty
Package: graphics 2014/10/28 v1.0p Standard LaTeX Graphics (DPC,SPQR)

(/usr/local/texlive/2015/texmf-dist/tex/latex/graphics/trig.sty
Package: trig 1999/03/16 v1.09 sin cos tan (DPC)
)
(/usr/local/texlive/2015/texmf-dist/tex/latex/latexconfig/graphics.cfg
File: graphics.cfg 2010/04/23 v1.9 graphics configuration of TeX Live
)
Package graphics Info: Driver file: pdftex.def on input line 94.

(/usr/local/texlive/2015/texmf-dist/tex/latex/pdftex-def/pdftex.def
File: pdftex.def 2011/05/27 v0.06d Graphics/color for pdfTeX

(/usr/local/texlive/2015/texmf-dist/tex/generic/oberdiek/infwarerr.sty
Package: infwarerr 2010/04/08 v1.3 Providing info/warning/error messages (HO)
)
(/usr/local/texlive/2015/texmf-dist/tex/generic/oberdiek/ltxcmds.sty
Package: ltxcmds 2011/11/09 v1.22 LaTeX kernel commands for general use (HO)
)
\Gread@gobject=\count105
))
\Gin@req@height=\dimen127
\Gin@req@width=\dimen128
)
(/usr/local/texlive/2015/texmf-dist/tex/latex/pgf/systemlayer/pgfsys.sty
(/usr/local/texlive/2015/texmf-dist/tex/latex/pgf/utilities/pgfrcs.sty
(/usr/local/texlive/2015/texmf-dist/tex/generic/pgf/utilities/pgfutil-common.te
x
\pgfutil@everybye=\toks16
\pgfutil@tempdima=\dimen129
\pgfutil@tempdimb=\dimen130

(/usr/local/texlive/2015/texmf-dist/tex/generic/pgf/utilities/pgfutil-common-li
sts.tex))
(/usr/local/texlive/2015/texmf-dist/tex/generic/pgf/utilities/pgfutil-latex.def
\pgfutil@abb=\box34
(/usr/local/texlive/2015/texmf-dist/tex/latex/ms/everyshi.sty
Package: everyshi 2001/05/15 v3.00 EveryShipout Package (MS)
))
(/usr/local/texlive/2015/texmf-dist/tex/generic/pgf/utilities/pgfrcs.code.tex
Package: pgfrcs 2013/12/20 v3.0.0 (rcs-revision 1.28)
))
(/usr/local/texlive/2015/texmf-dist/tex/generic/pgf/systemlayer/pgfsys.code.tex
Package: pgfsys 2013/11/30 v3.0.0 (rcs-revision 1.47)
(/usr/local/texlive/2015/texmf-dist/tex/generic/pgf/utilities/pgfkeys.code.tex
\pgfkeys@pathtoks=\toks17
\pgfkeys@temptoks=\toks18

(/usr/local/texlive/2015/texmf-dist/tex/generic/pgf/utilities/pgfkeysfiltered.c
ode.tex
\pgfkeys@tmptoks=\toks19
))
\pgf@x=\dimen131
\pgf@y=\dimen132
\pgf@xa=\dimen133
\pgf@ya=\dimen134
\pgf@xb=\dimen135
\pgf@yb=\dimen136
\pgf@xc=\dimen137
\pgf@yc=\dimen138
\w@pgf@writea=\write3
\r@pgf@reada=\read1
\c@pgf@counta=\count106
\c@pgf@countb=\count107
\c@pgf@countc=\count108
\c@pgf@countd=\count109
\t@pgf@toka=\toks20
\t@pgf@tokb=\toks21
\t@pgf@tokc=\toks22

(/usr/local/texlive/2015/texmf-dist/tex/generic/pgf/systemlayer/pgf.cfg
File: pgf.cfg 2008/05/14  (rcs-revision 1.7)
)
Driver file for pgf: pgfsys-pdftex.def

(/usr/local/texlive/2015/texmf-dist/tex/generic/pgf/systemlayer/pgfsys-pdftex.d
ef
File: pgfsys-pdftex.def 2013/07/18  (rcs-revision 1.33)

(/usr/local/texlive/2015/texmf-dist/tex/generic/pgf/systemlayer/pgfsys-common-p
df.def
File: pgfsys-common-pdf.def 2013/10/10  (rcs-revision 1.13)
)))
(/usr/local/texlive/2015/texmf-dist/tex/generic/pgf/systemlayer/pgfsyssoftpath.
code.tex
File: pgfsyssoftpath.code.tex 2013/09/09  (rcs-revision 1.9)
\pgfsyssoftpath@smallbuffer@items=\count110
\pgfsyssoftpath@bigbuffer@items=\count111
)
(/usr/local/texlive/2015/texmf-dist/tex/generic/pgf/systemlayer/pgfsysprotocol.
code.tex
File: pgfsysprotocol.code.tex 2006/10/16  (rcs-revision 1.4)
)) (/usr/local/texlive/2015/texmf-dist/tex/latex/xcolor/xcolor.sty
Package: xcolor 2007/01/21 v2.11 LaTeX color extensions (UK)

(/usr/local/texlive/2015/texmf-dist/tex/latex/latexconfig/color.cfg
File: color.cfg 2007/01/18 v1.5 color configuration of teTeX/TeXLive
)
Package xcolor Info: Driver file: pdftex.def on input line 225.
Package xcolor Info: Model `cmy' substituted by `cmy0' on input line 1337.
Package xcolor Info: Model `hsb' substituted by `rgb' on input line 1341.
Package xcolor Info: Model `RGB' extended on input line 1353.
Package xcolor Info: Model `HTML' substituted by `rgb' on input line 1355.
Package xcolor Info: Model `Hsb' substituted by `hsb' on input line 1356.
Package xcolor Info: Model `tHsb' substituted by `hsb' on input line 1357.
Package xcolor Info: Model `HSB' substituted by `hsb' on input line 1358.
Package xcolor Info: Model `Gray' substituted by `gray' on input line 1359.
Package xcolor Info: Model `wave' substituted by `hsb' on input line 1360.
)
(/usr/local/texlive/2015/texmf-dist/tex/generic/pgf/basiclayer/pgfcore.code.tex
Package: pgfcore 2010/04/11 v3.0.0 (rcs-revision 1.7)
(/usr/local/texlive/2015/texmf-dist/tex/generic/pgf/math/pgfmath.code.tex
(/usr/local/texlive/2015/texmf-dist/tex/generic/pgf/math/pgfmathcalc.code.tex
(/usr/local/texlive/2015/texmf-dist/tex/generic/pgf/math/pgfmathutil.code.tex)
(/usr/local/texlive/2015/texmf-dist/tex/generic/pgf/math/pgfmathparser.code.tex
\pgfmath@dimen=\dimen139
\pgfmath@count=\count112
\pgfmath@box=\box35
\pgfmath@toks=\toks23
\pgfmath@stack@operand=\toks24
\pgfmath@stack@operation=\toks25
)
(/usr/local/texlive/2015/texmf-dist/tex/generic/pgf/math/pgfmathfunctions.code.
tex
(/usr/local/texlive/2015/texmf-dist/tex/generic/pgf/math/pgfmathfunctions.basic
.code.tex)
(/usr/local/texlive/2015/texmf-dist/tex/generic/pgf/math/pgfmathfunctions.trigo
nometric.code.tex)
(/usr/local/texlive/2015/texmf-dist/tex/generic/pgf/math/pgfmathfunctions.rando
m.code.tex)
(/usr/local/texlive/2015/texmf-dist/tex/generic/pgf/math/pgfmathfunctions.compa
rison.code.tex)
(/usr/local/texlive/2015/texmf-dist/tex/generic/pgf/math/pgfmathfunctions.base.
code.tex)
(/usr/local/texlive/2015/texmf-dist/tex/generic/pgf/math/pgfmathfunctions.round
.code.tex)
(/usr/local/texlive/2015/texmf-dist/tex/generic/pgf/math/pgfmathfunctions.misc.
code.tex)
(/usr/local/texlive/2015/texmf-dist/tex/generic/pgf/math/pgfmathfunctions.integ
erarithmetics.code.tex)))
(/usr/local/texlive/2015/texmf-dist/tex/generic/pgf/math/pgfmathfloat.code.tex
\c@pgfmathroundto@lastzeros=\count113
))
(/usr/local/texlive/2015/texmf-dist/tex/generic/pgf/basiclayer/pgfcorepoints.co
de.tex
File: pgfcorepoints.code.tex 2013/10/07  (rcs-revision 1.27)
\pgf@picminx=\dimen140
\pgf@picmaxx=\dimen141
\pgf@picminy=\dimen142
\pgf@picmaxy=\dimen143
\pgf@pathminx=\dimen144
\pgf@pathmaxx=\dimen145
\pgf@pathminy=\dimen146
\pgf@pathmaxy=\dimen147
\pgf@xx=\dimen148
\pgf@xy=\dimen149
\pgf@yx=\dimen150
\pgf@yy=\dimen151
\pgf@zx=\dimen152
\pgf@zy=\dimen153
)
(/usr/local/texlive/2015/texmf-dist/tex/generic/pgf/basiclayer/pgfcorepathconst
ruct.code.tex
File: pgfcorepathconstruct.code.tex 2013/10/07  (rcs-revision 1.29)
\pgf@path@lastx=\dimen154
\pgf@path@lasty=\dimen155
)
(/usr/local/texlive/2015/texmf-dist/tex/generic/pgf/basiclayer/pgfcorepathusage
.code.tex
File: pgfcorepathusage.code.tex 2013/12/13  (rcs-revision 1.23)
\pgf@shorten@end@additional=\dimen156
\pgf@shorten@start@additional=\dimen157
)
(/usr/local/texlive/2015/texmf-dist/tex/generic/pgf/basiclayer/pgfcorescopes.co
de.tex
File: pgfcorescopes.code.tex 2013/10/09  (rcs-revision 1.44)
\pgfpic=\box36
\pgf@hbox=\box37
\pgf@layerbox@main=\box38
\pgf@picture@serial@count=\count114
)
(/usr/local/texlive/2015/texmf-dist/tex/generic/pgf/basiclayer/pgfcoregraphicst
ate.code.tex
File: pgfcoregraphicstate.code.tex 2013/09/19  (rcs-revision 1.11)
\pgflinewidth=\dimen158
)
(/usr/local/texlive/2015/texmf-dist/tex/generic/pgf/basiclayer/pgfcoretransform
ations.code.tex
File: pgfcoretransformations.code.tex 2013/10/10  (rcs-revision 1.17)
\pgf@pt@x=\dimen159
\pgf@pt@y=\dimen160
\pgf@pt@temp=\dimen161
)
(/usr/local/texlive/2015/texmf-dist/tex/generic/pgf/basiclayer/pgfcorequick.cod
e.tex
File: pgfcorequick.code.tex 2008/10/09  (rcs-revision 1.3)
)
(/usr/local/texlive/2015/texmf-dist/tex/generic/pgf/basiclayer/pgfcoreobjects.c
ode.tex
File: pgfcoreobjects.code.tex 2006/10/11  (rcs-revision 1.2)
)
(/usr/local/texlive/2015/texmf-dist/tex/generic/pgf/basiclayer/pgfcorepathproce
ssing.code.tex
File: pgfcorepathprocessing.code.tex 2013/09/09  (rcs-revision 1.9)
)
(/usr/local/texlive/2015/texmf-dist/tex/generic/pgf/basiclayer/pgfcorearrows.co
de.tex
File: pgfcorearrows.code.tex 2013/11/07  (rcs-revision 1.40)
\pgfarrowsep=\dimen162
)
(/usr/local/texlive/2015/texmf-dist/tex/generic/pgf/basiclayer/pgfcoreshade.cod
e.tex
File: pgfcoreshade.code.tex 2013/07/15  (rcs-revision 1.15)
\pgf@max=\dimen163
\pgf@sys@shading@range@num=\count115
)
(/usr/local/texlive/2015/texmf-dist/tex/generic/pgf/basiclayer/pgfcoreimage.cod
e.tex
File: pgfcoreimage.code.tex 2013/07/15  (rcs-revision 1.18)

(/usr/local/texlive/2015/texmf-dist/tex/generic/pgf/basiclayer/pgfcoreexternal.
code.tex
File: pgfcoreexternal.code.tex 2013/07/15  (rcs-revision 1.20)
\pgfexternal@startupbox=\box39
))
(/usr/local/texlive/2015/texmf-dist/tex/generic/pgf/basiclayer/pgfcorelayers.co
de.tex
File: pgfcorelayers.code.tex 2013/07/18  (rcs-revision 1.7)
)
(/usr/local/texlive/2015/texmf-dist/tex/generic/pgf/basiclayer/pgfcoretranspare
ncy.code.tex
File: pgfcoretransparency.code.tex 2013/09/30  (rcs-revision 1.5)
)
(/usr/local/texlive/2015/texmf-dist/tex/generic/pgf/basiclayer/pgfcorepatterns.
code.tex
File: pgfcorepatterns.code.tex 2013/11/07  (rcs-revision 1.5)
)))
(/usr/local/texlive/2015/texmf-dist/tex/latex/pgf/utilities/xxcolor.sty
Package: xxcolor 2003/10/24 ver 0.1
\XC@nummixins=\count116
\XC@countmixins=\count117
)
(/usr/local/texlive/2015/texmf-dist/tex/generic/oberdiek/atbegshi.sty
Package: atbegshi 2011/10/05 v1.16 At begin shipout hook (HO)
)
(/usr/local/texlive/2015/texmf-dist/tex/latex/hyperref/hyperref.sty
Package: hyperref 2012/11/06 v6.83m Hypertext links for LaTeX

(/usr/local/texlive/2015/texmf-dist/tex/generic/oberdiek/hobsub-hyperref.sty
Package: hobsub-hyperref 2012/05/28 v1.13 Bundle oberdiek, subset hyperref (HO)


(/usr/local/texlive/2015/texmf-dist/tex/generic/oberdiek/hobsub-generic.sty
Package: hobsub-generic 2012/05/28 v1.13 Bundle oberdiek, subset generic (HO)
Package: hobsub 2012/05/28 v1.13 Construct package bundles (HO)
Package hobsub Info: Skipping package `infwarerr' (already loaded).
Package hobsub Info: Skipping package `ltxcmds' (already loaded).
Package: ifluatex 2010/03/01 v1.3 Provides the ifluatex switch (HO)
Package ifluatex Info: LuaTeX not detected.
Package hobsub Info: Skipping package `ifvtex' (already loaded).
Package: intcalc 2007/09/27 v1.1 Expandable calculations with integers (HO)
Package hobsub Info: Skipping package `ifpdf' (already loaded).
Package: etexcmds 2011/02/16 v1.5 Avoid name clashes with e-TeX commands (HO)
Package etexcmds Info: Could not find \expanded.
(etexcmds)             That can mean that you are not using pdfTeX 1.50 or
(etexcmds)             that some package has redefined \expanded.
(etexcmds)             In the latter case, load this package earlier.
Package: kvsetkeys 2012/04/25 v1.16 Key value parser (HO)
Package: kvdefinekeys 2011/04/07 v1.3 Define keys (HO)
Package: pdftexcmds 2011/11/29 v0.20 Utility functions of pdfTeX for LuaTeX (HO
)
Package pdftexcmds Info: LuaTeX not detected.
Package pdftexcmds Info: \pdf@primitive is available.
Package pdftexcmds Info: \pdf@ifprimitive is available.
Package pdftexcmds Info: \pdfdraftmode found.
Package: pdfescape 2011/11/25 v1.13 Implements pdfTeX's escape features (HO)
Package: bigintcalc 2012/04/08 v1.3 Expandable calculations on big integers (HO
)
Package: bitset 2011/01/30 v1.1 Handle bit-vector datatype (HO)
Package: uniquecounter 2011/01/30 v1.2 Provide unlimited unique counter (HO)
)
Package hobsub Info: Skipping package `hobsub' (already loaded).
Package: letltxmacro 2010/09/02 v1.4 Let assignment for LaTeX macros (HO)
Package: hopatch 2012/05/28 v1.2 Wrapper for package hooks (HO)
Package: xcolor-patch 2011/01/30 xcolor patch
Package: atveryend 2011/06/30 v1.8 Hooks at the very end of document (HO)
Package atveryend Info: \enddocument detected (standard20110627).
Package hobsub Info: Skipping package `atbegshi' (already loaded).
Package: refcount 2011/10/16 v3.4 Data extraction from label references (HO)
Package: hycolor 2011/01/30 v1.7 Color options for hyperref/bookmark (HO)
)
(/usr/local/texlive/2015/texmf-dist/tex/latex/oberdiek/auxhook.sty
Package: auxhook 2011/03/04 v1.3 Hooks for auxiliary files (HO)
)
(/usr/local/texlive/2015/texmf-dist/tex/latex/oberdiek/kvoptions.sty
Package: kvoptions 2011/06/30 v3.11 Key value format for package options (HO)
)
\@linkdim=\dimen164
\Hy@linkcounter=\count118
\Hy@pagecounter=\count119

(/usr/local/texlive/2015/texmf-dist/tex/latex/hyperref/pd1enc.def
File: pd1enc.def 2012/11/06 v6.83m Hyperref: PDFDocEncoding definition (HO)
)
\Hy@SavedSpaceFactor=\count120

(/usr/local/texlive/2015/texmf-dist/tex/latex/latexconfig/hyperref.cfg
File: hyperref.cfg 2002/06/06 v1.2 hyperref configuration of TeXLive
)
Package hyperref Info: Option `bookmarks' set `true' on input line 4319.
Package hyperref Info: Option `bookmarksopen' set `true' on input line 4319.
Package hyperref Info: Option `implicit' set `false' on input line 4319.
Package hyperref Info: Hyper figures OFF on input line 4443.
Package hyperref Info: Link nesting OFF on input line 4448.
Package hyperref Info: Hyper index ON on input line 4451.
Package hyperref Info: Plain pages OFF on input line 4458.
Package hyperref Info: Backreferencing OFF on input line 4463.
Package hyperref Info: Implicit mode OFF; no redefinition of LaTeX internals.
Package hyperref Info: Bookmarks ON on input line 4688.
\c@Hy@tempcnt=\count121

(/usr/local/texlive/2015/texmf-dist/tex/latex/url/url.sty
\Urlmuskip=\muskip10
Package: url 2013/09/16  ver 3.4  Verb mode for urls, etc.
)
LaTeX Info: Redefining \url on input line 5041.
\XeTeXLinkMargin=\dimen165
\Fld@menulength=\count122
\Field@Width=\dimen166
\Fld@charsize=\dimen167
Package hyperref Info: Hyper figures OFF on input line 6295.
Package hyperref Info: Link nesting OFF on input line 6300.
Package hyperref Info: Hyper index ON on input line 6303.
Package hyperref Info: backreferencing OFF on input line 6310.
Package hyperref Info: Link coloring OFF on input line 6315.
Package hyperref Info: Link coloring with OCG OFF on input line 6320.
Package hyperref Info: PDF/A mode OFF on input line 6325.
LaTeX Info: Redefining \ref on input line 6365.
LaTeX Info: Redefining \pageref on input line 6369.
\Hy@abspage=\count123


Package hyperref Message: Stopped early.

)

Package hyperref Message: Driver (autodetected): hpdftex.

(/usr/local/texlive/2015/texmf-dist/tex/latex/hyperref/hpdftex.def
File: hpdftex.def 2012/11/06 v6.83m Hyperref driver for pdfTeX
\Fld@listcount=\count124
\c@bookmark@seq@number=\count125

(/usr/local/texlive/2015/texmf-dist/tex/latex/oberdiek/rerunfilecheck.sty
Package: rerunfilecheck 2011/04/15 v1.7 Rerun checks for auxiliary files (HO)
Package uniquecounter Info: New unique counter `rerunfilecheck' on input line 2
82.
))
(/usr/local/texlive/2015/texmf-dist/tex/latex/beamer/beamerbaserequires.sty
Package: beamerbaserequires 2010/05/01  (rcs-revision efa082c6111d)

(/usr/local/texlive/2015/texmf-dist/tex/latex/beamer/beamerbasecompatibility.st
y
Package: beamerbasecompatibility 2012/05/01  (rcs-revision 67c48b3b652d)
) (/usr/local/texlive/2015/texmf-dist/tex/latex/beamer/beamerbasefont.sty
Package: beamerbasefont 2015/01/05  (rcs-revision b4b4bee242e2)

(/usr/local/texlive/2015/texmf-dist/tex/latex/amsfonts/amssymb.sty
Package: amssymb 2013/01/14 v3.01 AMS font symbols

(/usr/local/texlive/2015/texmf-dist/tex/latex/amsfonts/amsfonts.sty
Package: amsfonts 2013/01/14 v3.01 Basic AMSFonts support
\@emptytoks=\toks26
\symAMSa=\mathgroup4
\symAMSb=\mathgroup5
LaTeX Font Info:    Overwriting math alphabet `\mathfrak' in version `bold'
(Font)                  U/euf/m/n --> U/euf/b/n on input line 106.
))
(/usr/local/texlive/2015/texmf-dist/tex/latex/sansmathaccent/sansmathaccent.sty
Package: sansmathaccent 2013/03/28
(/usr/local/texlive/2015/texmf-dist/tex/latex/filehook/filehook.sty
Package: filehook 2011/10/12 v0.5d Hooks for input files
)))
(/usr/local/texlive/2015/texmf-dist/tex/latex/beamer/beamerbasetranslator.sty
Package: beamerbasetranslator 2010/06/11  (rcs-revision 85fd1cc7fc42)

(/usr/local/texlive/2015/texmf-dist/tex/latex/beamer/translator/translator.sty
Package: translator 2010/06/12 ver 1.10

(/usr/local/texlive/2015/texmf-dist/tex/latex/beamer/translator/translator-lang
uage-mappings.tex)))
(/usr/local/texlive/2015/texmf-dist/tex/latex/beamer/beamerbasemisc.sty
Package: beamerbasemisc 2013/09/03  (rcs-revision a55719c41d85)
)
(/usr/local/texlive/2015/texmf-dist/tex/latex/beamer/beamerbasetwoscreens.sty
Package: beamerbasetwoscreens 2010/05/01  (rcs-revision efa082c6111d)
)
(/usr/local/texlive/2015/texmf-dist/tex/latex/beamer/beamerbaseoverlay.sty
Package: beamerbaseoverlay 2013/12/25  (rcs-revision f6bd5e3805da)
\beamer@argscount=\count126
\beamer@lastskipcover=\skip44
\beamer@trivlistdepth=\count127
)
(/usr/local/texlive/2015/texmf-dist/tex/latex/beamer/beamerbasetitle.sty
Package: beamerbasetitle 2010/09/21  (rcs-revision f0446ed0b6ae)
)
(/usr/local/texlive/2015/texmf-dist/tex/latex/beamer/beamerbasesection.sty
Package: beamerbasesection 2013/06/07  (rcs-revision 60b9fe0f342f)
\c@lecture=\count128
\c@part=\count129
\c@section=\count130
\c@subsection=\count131
\c@subsubsection=\count132
)
(/usr/local/texlive/2015/texmf-dist/tex/latex/beamer/beamerbaseframe.sty
Package: beamerbaseframe 2014/02/20  (rcs-revision 4b8ceeeff434)
\beamer@framebox=\box40
\beamer@frametitlebox=\box41
\beamer@zoombox=\box42
\beamer@zoomcount=\count133
\beamer@zoomframecount=\count134
\beamer@frametextheight=\dimen168
\c@subsectionslide=\count135
\beamer@frametopskip=\skip45
\beamer@framebottomskip=\skip46
\beamer@frametopskipautobreak=\skip47
\beamer@framebottomskipautobreak=\skip48
\beamer@envbody=\toks27
\framewidth=\dimen169
\c@framenumber=\count136
)
(/usr/local/texlive/2015/texmf-dist/tex/latex/beamer/beamerbaseverbatim.sty
Package: beamerbaseverbatim 2015/01/05  (rcs-revision 431510bb5890)
\beamer@verbatimfileout=\write4
)
(/usr/local/texlive/2015/texmf-dist/tex/latex/beamer/beamerbaseframesize.sty
Package: beamerbaseframesize 2011/09/12  (rcs-revision 70f9d8411e54)
\beamer@splitbox=\box43
\beamer@autobreakcount=\count137
\beamer@autobreaklastheight=\dimen170
\beamer@frametitletoks=\toks28
\beamer@framesubtitletoks=\toks29
)
(/usr/local/texlive/2015/texmf-dist/tex/latex/beamer/beamerbaseframecomponents.
sty
Package: beamerbaseframecomponents 2013/10/18  (rcs-revision 5cf6c5555a45)
\beamer@footins=\box44
) (/usr/local/texlive/2015/texmf-dist/tex/latex/beamer/beamerbasecolor.sty
Package: beamerbasecolor 2015/02/21  (rcs-revision d944b04ee2d5)
)
(/usr/local/texlive/2015/texmf-dist/tex/latex/beamer/beamerbasenotes.sty
Package: beamerbasenotes 2012/12/19  (rcs-revision 1686da3db3c9)
\beamer@frameboxcopy=\box45
)
(/usr/local/texlive/2015/texmf-dist/tex/latex/beamer/beamerbasetoc.sty
Package: beamerbasetoc 2015/03/08  (rcs-revision 7270298bbaae)
)
(/usr/local/texlive/2015/texmf-dist/tex/latex/beamer/beamerbasetemplates.sty
Package: beamerbasetemplates 2010/05/01  (rcs-revision efa082c6111d)
\beamer@sbttoks=\toks30

(/usr/local/texlive/2015/texmf-dist/tex/latex/beamer/beamerbaseauxtemplates.sty
Package: beamerbaseauxtemplates 2014/06/30  (rcs-revision 580088513a67)
(/usr/local/texlive/2015/texmf-dist/tex/latex/beamer/beamerbaseboxes.sty
Package: beamerbaseboxes 2012/05/13  (rcs-revision 56972908a390)
\bmb@box=\box46
\bmb@colorbox=\box47
\bmb@boxshadow=\box48
\bmb@boxshadowball=\box49
\bmb@boxshadowballlarge=\box50
\bmb@temp=\dimen171
\bmb@dima=\dimen172
\bmb@dimb=\dimen173
\bmb@prevheight=\dimen174
)
\beamer@blockheadheight=\dimen175
))
(/usr/local/texlive/2015/texmf-dist/tex/latex/beamer/beamerbaselocalstructure.s
ty
Package: beamerbaselocalstructure 2014/09/10  (rcs-revision 393f6dcff371)
 (/usr/local/texlive/2015/texmf-dist/tex/latex/tools/enumerate.sty
Package: enumerate 2014/10/28 v3.00 enumerate extensions (DPC)
\@enLab=\toks31
)
\c@figure=\count138
\c@table=\count139
\abovecaptionskip=\skip49
\belowcaptionskip=\skip50
)
(/usr/local/texlive/2015/texmf-dist/tex/latex/beamer/beamerbasenavigation.sty
Package: beamerbasenavigation 2015/02/27  (rcs-revision 923f4bf87efa)
\beamer@section@min@dim=\dimen176
)
(/usr/local/texlive/2015/texmf-dist/tex/latex/beamer/beamerbasetheorems.sty
Package: beamerbasetheorems 2010/06/06  (rcs-revision 7e7cc5e53e9d)

(/usr/local/texlive/2015/texmf-dist/tex/latex/amsmath/amsmath.sty
Package: amsmath 2013/01/14 v2.14 AMS math features
\@mathmargin=\skip51

For additional information on amsmath, use the `?' option.
(/usr/local/texlive/2015/texmf-dist/tex/latex/amsmath/amstext.sty
Package: amstext 2000/06/29 v2.01

(/usr/local/texlive/2015/texmf-dist/tex/latex/amsmath/amsgen.sty
File: amsgen.sty 1999/11/30 v2.0
\@emptytoks=\toks32
\ex@=\dimen177
))
(/usr/local/texlive/2015/texmf-dist/tex/latex/amsmath/amsbsy.sty
Package: amsbsy 1999/11/29 v1.2d
\pmbraise@=\dimen178
)
(/usr/local/texlive/2015/texmf-dist/tex/latex/amsmath/amsopn.sty
Package: amsopn 1999/12/14 v2.01 operator names
)
\inf@bad=\count140
LaTeX Info: Redefining \frac on input line 210.
\uproot@=\count141
\leftroot@=\count142
LaTeX Info: Redefining \overline on input line 306.
\classnum@=\count143
\DOTSCASE@=\count144
LaTeX Info: Redefining \ldots on input line 378.
LaTeX Info: Redefining \dots on input line 381.
LaTeX Info: Redefining \cdots on input line 466.
\Mathstrutbox@=\box51
\strutbox@=\box52
\big@size=\dimen179
LaTeX Font Info:    Redeclaring font encoding OML on input line 566.
LaTeX Font Info:    Redeclaring font encoding OMS on input line 567.
\macc@depth=\count145
\c@MaxMatrixCols=\count146
\dotsspace@=\muskip11
\c@parentequation=\count147
\dspbrk@lvl=\count148
\tag@help=\toks33
\row@=\count149
\column@=\count150
\maxfields@=\count151
\andhelp@=\toks34
\eqnshift@=\dimen180
\alignsep@=\dimen181
\tagshift@=\dimen182
\tagwidth@=\dimen183
\totwidth@=\dimen184
\lineht@=\dimen185
\@envbody=\toks35
\multlinegap=\skip52
\multlinetaggap=\skip53
\mathdisplay@stack=\toks36
LaTeX Info: Redefining \[ on input line 2665.
LaTeX Info: Redefining \] on input line 2666.
)
(/usr/local/texlive/2015/texmf-dist/tex/latex/amscls/amsthm.sty
Package: amsthm 2015/03/04 v2.20.2
\thm@style=\toks37
\thm@bodyfont=\toks38
\thm@headfont=\toks39
\thm@notefont=\toks40
\thm@headpunct=\toks41
\thm@preskip=\skip54
\thm@postskip=\skip55
\thm@headsep=\skip56
\dth@everypar=\toks42
)
\c@theorem=\count152
)
(/usr/local/texlive/2015/texmf-dist/tex/latex/beamer/beamerbasethemes.sty
Package: beamerbasethemes 2010/05/01  (rcs-revision efa082c6111d)
))
(/usr/local/texlive/2015/texmf-dist/tex/latex/beamer/themes/theme/beamerthemede
fault.sty
Package: beamerthemedefault 2010/06/17  (rcs-revision d02a7cf4d8ae)

(/usr/local/texlive/2015/texmf-dist/tex/latex/beamer/themes/font/beamerfontthem
edefault.sty
Package: beamerfontthemedefault 2012/12/19  (rcs-revision 1686da3db3c9)
)
(/usr/local/texlive/2015/texmf-dist/tex/latex/beamer/themes/color/beamercolorth
emedefault.sty
Package: beamercolorthemedefault 2012/12/19  (rcs-revision 1686da3db3c9)
)
(/usr/local/texlive/2015/texmf-dist/tex/latex/beamer/themes/inner/beamerinnerth
emedefault.sty
Package: beamerinnerthemedefault 2014/06/30  (rcs-revision 580088513a67)
\beamer@dima=\dimen186
\beamer@dimb=\dimen187
)
(/usr/local/texlive/2015/texmf-dist/tex/latex/beamer/themes/outer/beamerouterth
emedefault.sty
Package: beamerouterthemedefault 2012/12/19  (rcs-revision 1686da3db3c9)
)))
(/usr/local/texlive/2015/texmf-dist/tex/latex/framed/framed.sty
Package: framed 2011/10/22 v 0.96: framed or shaded text with page breaks
\OuterFrameSep=\skip57
\fb@frw=\dimen188
\fb@frh=\dimen189
\FrameRule=\dimen190
\FrameSep=\dimen191
)
(/usr/local/texlive/2015/texmf-dist/tex/latex/base/alltt.sty
Package: alltt 1997/06/16 v2.0g defines alltt environment
)
(/usr/local/texlive/2015/texmf-dist/tex/latex/breakurl/breakurl.sty
Package: breakurl 2013/04/10 v1.40 Breakable hyperref URLs

(/usr/local/texlive/2015/texmf-dist/tex/latex/xkeyval/xkeyval.sty
Package: xkeyval 2014/12/03 v2.7a package option processing (HA)

(/usr/local/texlive/2015/texmf-dist/tex/generic/xkeyval/xkeyval.tex
(/usr/local/texlive/2015/texmf-dist/tex/generic/xkeyval/xkvutils.tex
\XKV@toks=\toks43
\XKV@tempa@toks=\toks44
)
\XKV@depth=\count153
File: xkeyval.tex 2014/12/03 v2.7a key=value parser (HA)
))

Package breakurl Warning: You are using breakurl while processing via pdflatex.

(breakurl)                \burl will be just a synonym of \url.
(breakurl)                 on input line 48.

) (/usr/local/texlive/2015/texmf-dist/tex/latex/cite/cite.sty
LaTeX Info: Redefining \cite on input line 302.
LaTeX Info: Redefining \nocite on input line 332.
Package: cite 2015/02/27  v 5.5
)
(/usr/local/texlive/2015/texmf-dist/tex/latex/etoolbox/etoolbox.sty
Package: etoolbox 2015/05/04 v2.2 e-TeX tools for LaTeX (JAW)
\etb@tempcnta=\count154
)
(/usr/local/texlive/2015/texmf-dist/tex/latex/forloop/forloop.sty
Package: forloop 2006/09/18 v3.0 For Loops for LaTeX

(/usr/local/texlive/2015/texmf-dist/tex/latex/base/ifthen.sty
Package: ifthen 2014/09/29 v1.1c Standard LaTeX ifthen package (DPC)
))
(/usr/local/texlive/2015/texmf-dist/tex/latex/pgf/frontendlayer/tikz.sty
(/usr/local/texlive/2015/texmf-dist/tex/latex/pgf/basiclayer/pgf.sty
Package: pgf 2013/12/18 v3.0.0 (rcs-revision 1.14)

(/usr/local/texlive/2015/texmf-dist/tex/generic/pgf/modules/pgfmoduleshapes.cod
e.tex
File: pgfmoduleshapes.code.tex 2013/10/31  (rcs-revision 1.34)
\pgfnodeparttextbox=\box53
)
(/usr/local/texlive/2015/texmf-dist/tex/generic/pgf/modules/pgfmoduleplot.code.
tex
File: pgfmoduleplot.code.tex 2013/07/31  (rcs-revision 1.12)
)
(/usr/local/texlive/2015/texmf-dist/tex/latex/pgf/compatibility/pgfcomp-version
-0-65.sty
Package: pgfcomp-version-0-65 2007/07/03 v3.0.0 (rcs-revision 1.7)
\pgf@nodesepstart=\dimen192
\pgf@nodesepend=\dimen193
)
(/usr/local/texlive/2015/texmf-dist/tex/latex/pgf/compatibility/pgfcomp-version
-1-18.sty
Package: pgfcomp-version-1-18 2007/07/23 v3.0.0 (rcs-revision 1.1)
))
(/usr/local/texlive/2015/texmf-dist/tex/latex/pgf/utilities/pgffor.sty
(/usr/local/texlive/2015/texmf-dist/tex/latex/pgf/utilities/pgfkeys.sty
(/usr/local/texlive/2015/texmf-dist/tex/generic/pgf/utilities/pgfkeys.code.tex)
) (/usr/local/texlive/2015/texmf-dist/tex/latex/pgf/math/pgfmath.sty
(/usr/local/texlive/2015/texmf-dist/tex/generic/pgf/math/pgfmath.code.tex))
(/usr/local/texlive/2015/texmf-dist/tex/generic/pgf/utilities/pgffor.code.tex
Package: pgffor 2013/12/13 v3.0.0 (rcs-revision 1.25)

(/usr/local/texlive/2015/texmf-dist/tex/generic/pgf/math/pgfmath.code.tex)
\pgffor@iter=\dimen194
\pgffor@skip=\dimen195
\pgffor@stack=\toks45
\pgffor@toks=\toks46
))
(/usr/local/texlive/2015/texmf-dist/tex/generic/pgf/frontendlayer/tikz/tikz.cod
e.tex
Package: tikz 2013/12/13 v3.0.0 (rcs-revision 1.142)

(/usr/local/texlive/2015/texmf-dist/tex/generic/pgf/libraries/pgflibraryplothan
dlers.code.tex
File: pgflibraryplothandlers.code.tex 2013/08/31 v3.0.0 (rcs-revision 1.20)
\pgf@plot@mark@count=\count155
\pgfplotmarksize=\dimen196
)
\tikz@lastx=\dimen197
\tikz@lasty=\dimen198
\tikz@lastxsaved=\dimen199
\tikz@lastysaved=\dimen200
\tikzleveldistance=\dimen201
\tikzsiblingdistance=\dimen202
\tikz@figbox=\box54
\tikz@figbox@bg=\box55
\tikz@tempbox=\box56
\tikz@tempbox@bg=\box57
\tikztreelevel=\count156
\tikznumberofchildren=\count157
\tikznumberofcurrentchild=\count158
\tikz@fig@count=\count159

(/usr/local/texlive/2015/texmf-dist/tex/generic/pgf/modules/pgfmodulematrix.cod
e.tex
File: pgfmodulematrix.code.tex 2013/09/17  (rcs-revision 1.8)
\pgfmatrixcurrentrow=\count160
\pgfmatrixcurrentcolumn=\count161
\pgf@matrix@numberofcolumns=\count162
)
\tikz@expandcount=\count163

(/usr/local/texlive/2015/texmf-dist/tex/generic/pgf/frontendlayer/tikz/librarie
s/tikzlibrarytopaths.code.tex
File: tikzlibrarytopaths.code.tex 2008/06/17 v3.0.0 (rcs-revision 1.2)
)))
(/usr/local/texlive/2015/texmf-dist/tex/latex/beamer/themes/theme/beamerthemePa
loAlto.sty
Package: beamerthemePaloAlto 2010/06/17  (rcs-revision d02a7cf4d8ae)

(/usr/local/texlive/2015/texmf-dist/tex/latex/beamer/themes/outer/beamerouterth
emesidebar.sty
Package: beamerouterthemesidebar 2010/06/17  (rcs-revision d02a7cf4d8ae)
\beamer@sidebarwidth=\dimen203
\beamer@headheight=\dimen204
)
(/usr/local/texlive/2015/texmf-dist/tex/latex/beamer/themes/inner/beamerinnerth
emerounded.sty
Package: beamerinnerthemerounded 2010/06/17  (rcs-revision d02a7cf4d8ae)
)
(/usr/local/texlive/2015/texmf-dist/tex/latex/beamer/themes/color/beamercolorth
emeorchid.sty
Package: beamercolorthemeorchid 2010/06/17  (rcs-revision d02a7cf4d8ae)
)
(/usr/local/texlive/2015/texmf-dist/tex/latex/beamer/themes/color/beamercolorth
emewhale.sty
Package: beamercolorthemewhale 2010/06/17  (rcs-revision d02a7cf4d8ae)
))
(/usr/local/texlive/2015/texmf-dist/tex/latex/upquote/upquote.sty
Package: upquote 2012/04/19 v1.3 upright-quote and grave-accent glyphs in verba
tim
)
(./SKelly_Thesis_Presentation.aux

LaTeX Warning: Label `' multiply defined.

)
\openout1 = `SKelly_Thesis_Presentation.aux'.

LaTeX Font Info:    Checking defaults for OML/cmm/m/it on input line 99.
LaTeX Font Info:    ... okay on input line 99.
LaTeX Font Info:    Checking defaults for T1/cmr/m/n on input line 99.
LaTeX Font Info:    ... okay on input line 99.
LaTeX Font Info:    Checking defaults for OT1/cmr/m/n on input line 99.
LaTeX Font Info:    ... okay on input line 99.
LaTeX Font Info:    Checking defaults for OMS/cmsy/m/n on input line 99.
LaTeX Font Info:    ... okay on input line 99.
LaTeX Font Info:    Checking defaults for OMX/cmex/m/n on input line 99.
LaTeX Font Info:    ... okay on input line 99.
LaTeX Font Info:    Checking defaults for U/cmr/m/n on input line 99.
LaTeX Font Info:    ... okay on input line 99.
LaTeX Font Info:    Checking defaults for PD1/pdf/m/n on input line 99.
LaTeX Font Info:    ... okay on input line 99.

*geometry* driver: auto-detecting
*geometry* detected driver: pdftex
*geometry* verbose mode - [ preamble ] result:
* driver: pdftex
* paper: custom
* layout: <same size as paper>
* layoutoffset:(h,v)=(0.0pt,0.0pt)
* modes: includehead includefoot 
* h-part:(L,W,R)=(44.22636pt, 305.74263pt, 14.22636pt)
* v-part:(T,H,B)=(0.0pt, 273.14662pt, 0.0pt)
* \paperwidth=364.19536pt
* \paperheight=273.14662pt
* \textwidth=305.74263pt
* \textheight=244.6939pt
* \oddsidemargin=-28.04362pt
* \evensidemargin=-28.04362pt
* \topmargin=-72.26999pt
* \headheight=14.22636pt
* \headsep=0.0pt
* \topskip=9.0pt
* \footskip=14.22636pt
* \marginparwidth=4.0pt
* \marginparsep=10.0pt
* \columnsep=10.0pt
* \skip\footins=7.0pt plus 4.0pt minus 2.0pt
* \hoffset=0.0pt
* \voffset=0.0pt
* \mag=1000
* \@twocolumnfalse
* \@twosidefalse
* \@mparswitchfalse
* \@reversemarginfalse
* (1in=72.27pt=25.4mm, 1cm=28.453pt)

(/usr/local/texlive/2015/texmf-dist/tex/context/base/supp-pdf.mkii
[Loading MPS to PDF converter (version 2006.09.02).]
\scratchcounter=\count164
\scratchdimen=\dimen205
\scratchbox=\box58
\nofMPsegments=\count165
\nofMParguments=\count166
\everyMPshowfont=\toks47
\MPscratchCnt=\count167
\MPscratchDim=\dimen206
\MPnumerator=\count168
\makeMPintoPDFobject=\count169
\everyMPtoPDFconversion=\toks48
) (/usr/local/texlive/2015/texmf-dist/tex/latex/oberdiek/epstopdf-base.sty
Package: epstopdf-base 2010/02/09 v2.5 Base part for package epstopdf

(/usr/local/texlive/2015/texmf-dist/tex/latex/oberdiek/grfext.sty
Package: grfext 2010/08/19 v1.1 Manage graphics extensions (HO)
)
Package grfext Info: Graphics extension search list:
(grfext)             [.png,.pdf,.jpg,.mps,.jpeg,.jbig2,.jb2,.PNG,.PDF,.JPG,.JPE
G,.JBIG2,.JB2,.eps]
(grfext)             \AppendGraphicsExtensions on input line 452.

(/usr/local/texlive/2015/texmf-dist/tex/latex/latexconfig/epstopdf-sys.cfg
File: epstopdf-sys.cfg 2010/07/13 v1.3 Configuration of (r)epstopdf for TeX Liv
e
))
ABD: EveryShipout initializing macros
\AtBeginShipoutBox=\box59
Package hyperref Info: Link coloring OFF on input line 99.

(/usr/local/texlive/2015/texmf-dist/tex/latex/hyperref/nameref.sty
Package: nameref 2012/10/27 v2.43 Cross-referencing by name of section

(/usr/local/texlive/2015/texmf-dist/tex/generic/oberdiek/gettitlestring.sty
Package: gettitlestring 2010/12/03 v1.4 Cleanup title references (HO)
)
\c@section@level=\count170
)
LaTeX Info: Redefining \ref on input line 99.
LaTeX Info: Redefining \pageref on input line 99.
LaTeX Info: Redefining \nameref on input line 99.

(./SKelly_Thesis_Presentation.out) (./SKelly_Thesis_Presentation.out)
\@outlinefile=\write5
\openout5 = `SKelly_Thesis_Presentation.out'.

LaTeX Font Info:    Overwriting symbol font `operators' in version `normal'
(Font)                  OT1/cmr/m/n --> OT1/cmss/m/n on input line 99.
LaTeX Font Info:    Overwriting symbol font `operators' in version `bold'
(Font)                  OT1/cmr/bx/n --> OT1/cmss/bx/n on input line 99.
\symnumbers=\mathgroup6
\sympureletters=\mathgroup7
LaTeX Font Info:    Overwriting math alphabet `\mathrm' in version `normal'
(Font)                  OT1/cmss/m/n --> OT1/cmr/m/n on input line 99.
LaTeX Font Info:    Redeclaring math alphabet \mathbf on input line 99.
LaTeX Font Info:    Overwriting math alphabet `\mathbf' in version `normal'
(Font)                  OT1/cmr/bx/n --> OT1/cmss/bx/n on input line 99.
LaTeX Font Info:    Overwriting math alphabet `\mathbf' in version `bold'
(Font)                  OT1/cmr/bx/n --> OT1/cmss/bx/n on input line 99.
LaTeX Font Info:    Redeclaring math alphabet \mathsf on input line 99.
LaTeX Font Info:    Overwriting math alphabet `\mathsf' in version `normal'
(Font)                  OT1/cmss/m/n --> OT1/cmss/m/n on input line 99.
LaTeX Font Info:    Overwriting math alphabet `\mathsf' in version `bold'
(Font)                  OT1/cmss/bx/n --> OT1/cmss/m/n on input line 99.
LaTeX Font Info:    Redeclaring math alphabet \mathit on input line 99.
LaTeX Font Info:    Overwriting math alphabet `\mathit' in version `normal'
(Font)                  OT1/cmr/m/it --> OT1/cmss/m/it on input line 99.
LaTeX Font Info:    Overwriting math alphabet `\mathit' in version `bold'
(Font)                  OT1/cmr/bx/it --> OT1/cmss/m/it on input line 99.
LaTeX Font Info:    Redeclaring math alphabet \mathtt on input line 99.
LaTeX Font Info:    Overwriting math alphabet `\mathtt' in version `normal'
(Font)                  OT1/cmtt/m/n --> OT1/cmtt/m/n on input line 99.
LaTeX Font Info:    Overwriting math alphabet `\mathtt' in version `bold'
(Font)                  OT1/cmtt/m/n --> OT1/cmtt/m/n on input line 99.
LaTeX Font Info:    Overwriting symbol font `numbers' in version `bold'
(Font)                  OT1/cmss/m/n --> OT1/cmss/bx/n on input line 99.
LaTeX Font Info:    Overwriting symbol font `pureletters' in version `bold'
(Font)                  OT1/cmss/m/it --> OT1/cmss/bx/it on input line 99.
LaTeX Font Info:    Overwriting math alphabet `\mathrm' in version `bold'
(Font)                  OT1/cmss/bx/n --> OT1/cmr/bx/n on input line 99.
LaTeX Font Info:    Overwriting math alphabet `\mathbf' in version `bold'
(Font)                  OT1/cmss/bx/n --> OT1/cmss/bx/n on input line 99.
LaTeX Font Info:    Overwriting math alphabet `\mathsf' in version `bold'
(Font)                  OT1/cmss/m/n --> OT1/cmss/bx/n on input line 99.
LaTeX Font Info:    Overwriting math alphabet `\mathit' in version `bold'
(Font)                  OT1/cmss/m/it --> OT1/cmss/bx/it on input line 99.
LaTeX Font Info:    Overwriting math alphabet `\mathtt' in version `bold'
(Font)                  OT1/cmtt/m/n --> OT1/cmtt/bx/n on input line 99.
LaTeX Font Info:    Redeclaring symbol font `pureletters' on input line 99.
LaTeX Font Info:    Overwriting symbol font `pureletters' in version `normal'
(Font)                  OT1/cmss/m/it --> OT1/mathkerncmss/m/sl on input line 9
9.
LaTeX Font Info:    Overwriting symbol font `pureletters' in version `bold'
(Font)                  OT1/cmss/bx/it --> OT1/mathkerncmss/m/sl on input line 
99.
LaTeX Font Info:    Overwriting symbol font `pureletters' in version `bold'
(Font)                  OT1/mathkerncmss/m/sl --> OT1/mathkerncmss/bx/sl on inp
ut line 99.

(/usr/local/texlive/2015/texmf-dist/tex/latex/beamer/translator/dicts/translato
r-basic-dictionary/translator-basic-dictionary-English.dict
Dictionary: translator-basic-dictionary, Language: English 
)
(/usr/local/texlive/2015/texmf-dist/tex/latex/beamer/translator/dicts/translato
r-bibliography-dictionary/translator-bibliography-dictionary-English.dict
Dictionary: translator-bibliography-dictionary, Language: English 
)
(/usr/local/texlive/2015/texmf-dist/tex/latex/beamer/translator/dicts/translato
r-environment-dictionary/translator-environment-dictionary-English.dict
Dictionary: translator-environment-dictionary, Language: English 
)
(/usr/local/texlive/2015/texmf-dist/tex/latex/beamer/translator/dicts/translato
r-months-dictionary/translator-months-dictionary-English.dict
Dictionary: translator-months-dictionary, Language: English 
)
(/usr/local/texlive/2015/texmf-dist/tex/latex/beamer/translator/dicts/translato
r-numbers-dictionary/translator-numbers-dictionary-English.dict
Dictionary: translator-numbers-dictionary, Language: English 
)
(/usr/local/texlive/2015/texmf-dist/tex/latex/beamer/translator/dicts/translato
r-theorem-dictionary/translator-theorem-dictionary-English.dict
Dictionary: translator-theorem-dictionary, Language: English 
)
LaTeX Info: Redefining \includegraphics on input line 99.

(./SKelly_Thesis_Presentation.nav)

Package hyperref Warning: Option `pdfauthor' has already been used,
(hyperref)                setting the option has no effect on input line 104.


LaTeX Font Warning: Font shape `OT1/cmss/m/n' in size <4> not available
(Font)              size <5> substituted on input line 109.


Overfull \hbox (2.01073pt too wide) has occurred while \output is active
 []\OT1/cmss/m/n/5 Aquaculture  
 []


Overfull \hbox (1.12701pt too wide) has occurred while \output is active
 []\OT1/cmss/m/n/5 Conclusions  
 []

[1{/usr/local/texlive/2015/texmf-var/fonts/map/pdftex/updmap/pdftex.map}

]
<./figure/Chaetoceros.jpg, id=126, 404.51125pt x 317.185pt>
File: ./figure/Chaetoceros.jpg Graphic file (type jpg)

<use ./figure/Chaetoceros.jpg>
Package pdftex.def Info: ./figure/Chaetoceros.jpg used on input line 144.
(pdftex.def)             Requested size: 76.43565pt x 59.93181pt.

<./figure/Kelp_forest_sciworthy_com.jpg, id=127, 839.6209pt x 629.71567pt>
File: ./figure/Kelp_forest_sciworthy_com.jpg Graphic file (type jpg)

<use ./figure/Kelp_forest_sciworthy_com.jpg>
Package pdftex.def Info: ./figure/Kelp_forest_sciworthy_com.jpg used on input l
ine 144.
(pdftex.def)             Requested size: 76.43565pt x 57.32535pt.

<./figure/Haematococcus_astaxanthin_Cyanotech.png, id=128, 940.26282pt x 625.58
719pt>
File: ./figure/Haematococcus_astaxanthin_Cyanotech.png Graphic file (type png)
 <use ./figure/Haematococcus_astaxanthin_Cyanotech.png>
Package pdftex.def Info: ./figure/Haematococcus_astaxanthin_Cyanotech.png used 
on input line 144.
(pdftex.def)             Requested size: 152.8713pt x 101.70921pt.

Overfull \hbox (2.01073pt too wide) has occurred while \output is active
 []\OT1/cmss/m/n/5 Aquaculture  
 []


Overfull \hbox (1.12701pt too wide) has occurred while \output is active
 []\OT1/cmss/m/n/5 Conclusions  
 []

[2

 <./figure/Chaetoceros.jpg> <./figure/Kelp_forest_sciworthy_com.jpg> <./figure/
Haematococcus_astaxanthin_Cyanotech.png>]
<./figure/algae-bioreactor_enfo_agt_bme_hu.jpg, id=170, 469.755pt x 359.3425pt>
File: ./figure/algae-bioreactor_enfo_agt_bme_hu.jpg Graphic file (type jpg)
<use ./figure/algae-bioreactor_enfo_agt_bme_hu.jpg>
Package pdftex.def Info: ./figure/algae-bioreactor_enfo_agt_bme_hu.jpg used on 
input line 180.
(pdftex.def)             Requested size: 152.8713pt x 116.93845pt.
LaTeX Font Info:    Try loading font information for U+msa on input line 180.

(/usr/local/texlive/2015/texmf-dist/tex/latex/amsfonts/umsa.fd
File: umsa.fd 2013/01/14 v3.01 AMS symbols A
)
LaTeX Font Info:    Try loading font information for U+msb on input line 180.

(/usr/local/texlive/2015/texmf-dist/tex/latex/amsfonts/umsb.fd
File: umsb.fd 2013/01/14 v3.01 AMS symbols B
)
LaTeX Font Info:    Try loading font information for OT1+mathkerncmss on input 
line 180.

(/usr/local/texlive/2015/texmf-dist/tex/latex/sansmathaccent/ot1mathkerncmss.fd
File: ot1mathkerncmss.fd 2013/03/27 Fontinst v1.933 font definitions for OT1/ma
thkerncmss.
)
<./figure/earthrise_farm_pond_ethand_net.png, id=171, 376.40625pt x 301.8778pt>
File: ./figure/earthrise_farm_pond_ethand_net.png Graphic file (type png)
<use ./figure/earthrise_farm_pond_ethand_net.png>
Package pdftex.def Info: ./figure/earthrise_farm_pond_ethand_net.png used on in
put line 180.
(pdftex.def)             Requested size: 152.8713pt x 122.6053pt.

Overfull \hbox (2.01073pt too wide) has occurred while \output is active
 []\OT1/cmss/m/n/5 Aquaculture  
 []


Overfull \hbox (1.12701pt too wide) has occurred while \output is active
 []\OT1/cmss/m/n/5 Conclusions  
 []

[3

 <./figure/algae-bioreactor_enfo_agt_bme_hu.jpg> <./figure/earthrise_farm_pond_
ethand_net.png>]
<./figure/HornPoint2013_Algae_feedstock.jpg, id=211, 558.085pt x 418.56375pt>
File: ./figure/HornPoint2013_Algae_feedstock.jpg Graphic file (type jpg)

<use ./figure/HornPoint2013_Algae_feedstock.jpg>
Package pdftex.def Info: ./figure/HornPoint2013_Algae_feedstock.jpg used on inp
ut line 208.
(pdftex.def)             Requested size: 152.8713pt x 114.64873pt.

<./figure/HPL_Experiment_underway.jpg, id=212, 963.6pt x 542.025pt>
File: ./figure/HPL_Experiment_underway.jpg Graphic file (type jpg)

<use ./figure/HPL_Experiment_underway.jpg>
Package pdftex.def Info: ./figure/HPL_Experiment_underway.jpg used on input lin
e 208.
(pdftex.def)             Requested size: 152.8713pt x 85.98969pt.

Overfull \hbox (2.01073pt too wide) has occurred while \output is active
 []\OT1/cmss/m/n/5 Aquaculture  
 []


Overfull \hbox (1.12701pt too wide) has occurred while \output is active
 []\OT1/cmss/m/n/5 Conclusions  
 []

[4

 <./figure/HornPoint2013_Algae_feedstock.jpg> <./figure/HPL_Experiment_underway
.jpg>]
\openout4 = `SKelly_Thesis_Presentation.vrb'.

 (./SKelly_Thesis_Presentation.vrb
<./figure/FAO_Isochrysis_Tetraselmis.jpg, id=250, 144.54pt x 72.9927pt>
File: ./figure/FAO_Isochrysis_Tetraselmis.jpg Graphic file (type jpg)

<use ./figure/FAO_Isochrysis_Tetraselmis.jpg>
Package pdftex.def Info: ./figure/FAO_Isochrysis_Tetraselmis.jpg used on input 
line 27.
(pdftex.def)             Requested size: 152.8713pt x 77.20369pt.

<./figure/Thal_psuedonana.jpg, id=251, 200.75pt x 246.9225pt>
File: ./figure/Thal_psuedonana.jpg Graphic file (type jpg)

<use ./figure/Thal_psuedonana.jpg>
Package pdftex.def Info: ./figure/Thal_psuedonana.jpg used on input line 32.
(pdftex.def)             Requested size: 61.14758pt x 75.2114pt.
)
Overfull \hbox (2.01073pt too wide) has occurred while \output is active
 []\OT1/cmss/m/n/5 Aquaculture  
 []


Overfull \hbox (1.12701pt too wide) has occurred while \output is active
 []\OT1/cmss/m/n/5 Conclusions  
 []

[5

 <./figure/FAO_Isochrysis_Tetraselmis.jpg> <./figure/Thal_psuedonana.jpg>]
<./figure/UTEX_Austin_TX_capitol.jpg, id=292, 2452.16125pt x 1781.65625pt>
File: ./figure/UTEX_Austin_TX_capitol.jpg Graphic file (type jpg)

<use ./figure/UTEX_Austin_TX_capitol.jpg>
Package pdftex.def Info: ./figure/UTEX_Austin_TX_capitol.jpg used on input line
 274.
(pdftex.def)             Requested size: 91.72371pt x 66.6325pt.

<./figure/Texas_cycad.jpg, id=293, 3276.24pt x 2457.18pt>
File: ./figure/Texas_cycad.jpg Graphic file (type jpg)

<use ./figure/Texas_cycad.jpg>
Package pdftex.def Info: ./figure/Texas_cycad.jpg used on input line 274.
(pdftex.def)             Requested size: 91.72371pt x 68.76308pt.

<./figure/HornPointLab.jpg, id=294, 577.15625pt x 346.29375pt>
File: ./figure/HornPointLab.jpg Graphic file (type jpg)

<use ./figure/HornPointLab.jpg>
Package pdftex.def Info: ./figure/HornPointLab.jpg used on input line 274.
(pdftex.def)             Requested size: 152.8713pt x 91.71985pt.

Overfull \hbox (2.01073pt too wide) has occurred while \output is active
 []\OT1/cmss/m/n/5 Aquaculture  
 []


Overfull \hbox (1.12701pt too wide) has occurred while \output is active
 []\OT1/cmss/m/n/5 Conclusions  
 []

[6

 <./figure/UTEX_Austin_TX_capitol.jpg> <./figure/Texas_cycad.jpg> <./figure/Hor
nPointLab.jpg>] <./figure/PPFM_Cultures.JPG, id=332, 963.6pt x 722.7pt>
File: ./figure/PPFM_Cultures.JPG Graphic file (type jpg)

<use ./figure/PPFM_Cultures.JPG>
Package pdftex.def Info: ./figure/PPFM_Cultures.JPG used on input line 297.
(pdftex.def)             Requested size: 152.8713pt x 114.65291pt.


Package hyperref Warning: Ignoring empty anchor on input line 297.


Overfull \hbox (2.01073pt too wide) has occurred while \output is active
 []\OT1/cmss/m/n/5 Aquaculture  
 []


Overfull \hbox (1.12701pt too wide) has occurred while \output is active
 []\OT1/cmss/m/n/5 Conclusions  
 []

[7

 <./figure/PPFM_Cultures.JPG>]
<./figure/ppfm_newleafsym_com.png, id=372, 397.485pt x 223.83624pt>
File: ./figure/ppfm_newleafsym_com.png Graphic file (type png)

<use ./figure/ppfm_newleafsym_com.png>
Package pdftex.def Info: ./figure/ppfm_newleafsym_com.png used on input line 31
3.
(pdftex.def)             Requested size: 152.8713pt x 86.0867pt.

Overfull \hbox (2.01073pt too wide) has occurred while \output is active
 []\OT1/cmss/m/n/5 Aquaculture  
 []


Overfull \hbox (1.12701pt too wide) has occurred while \output is active
 []\OT1/cmss/m/n/5 Conclusions  
 []

[8

 <./figure/ppfm_newleafsym_com.png (PNG copy)>]
<./figure/Chlamydomonas_summary.png, id=411, 688.82344pt x 524.71031pt>
File: ./figure/Chlamydomonas_summary.png Graphic file (type png)

<use ./figure/Chlamydomonas_summary.png>
Package pdftex.def Info: ./figure/Chlamydomonas_summary.png used on input line 
334.
(pdftex.def)             Requested size: 183.44743pt x 139.73611pt.


Package hyperref Warning: Ignoring empty anchor on input line 334.


Overfull \hbox (2.01073pt too wide) has occurred while \output is active
 []\OT1/cmss/m/n/5 Aquaculture  
 []


Overfull \hbox (1.12701pt too wide) has occurred while \output is active
 []\OT1/cmss/m/n/5 Conclusions  
 []

[9

 <./figure/Chlamydomonas_summary.png>]
Overfull \hbox (2.01073pt too wide) has occurred while \output is active
 []\OT1/cmss/m/n/5 Aquaculture  
 []


Overfull \hbox (1.12701pt too wide) has occurred while \output is active
 []\OT1/cmss/m/n/5 Conclusions  
 []

[10

] <./figure/Algae_PPFM_isolation.jpg, id=488, 3276.24pt x 2457.18pt>
File: ./figure/Algae_PPFM_isolation.jpg Graphic file (type jpg)

<use ./figure/Algae_PPFM_isolation.jpg>
Package pdftex.def Info: ./figure/Algae_PPFM_isolation.jpg used on input line 3
68.
(pdftex.def)             Requested size: 183.44743pt x 137.56364pt.

Overfull \hbox (2.01073pt too wide) has occurred while \output is active
 []\OT1/cmss/m/n/5 Aquaculture  
 []


Overfull \hbox (1.12701pt too wide) has occurred while \output is active
 []\OT1/cmss/m/n/5 Conclusions  
 []

[11

 <./figure/Algae_PPFM_isolation.jpg>]
<./figure/ExpM_MiniThal_StdCurve1_unlabeled2.pdf, id=526, 361.35pt x 361.35pt>
File: ./figure/ExpM_MiniThal_StdCurve1_unlabeled2.pdf Graphic file (type pdf)

<use ./figure/ExpM_MiniThal_StdCurve1_unlabeled2.pdf>
Package pdftex.def Info: ./figure/ExpM_MiniThal_StdCurve1_unlabeled2.pdf used o
n input line 396.
(pdftex.def)             Requested size: 152.8713pt x 152.86871pt.

<./figure/AlgaeReadingSpec.jpg, id=527, 3276.24pt x 2457.18pt>
File: ./figure/AlgaeReadingSpec.jpg Graphic file (type jpg)

<use ./figure/AlgaeReadingSpec.jpg>
Package pdftex.def Info: ./figure/AlgaeReadingSpec.jpg used on input line 396.
(pdftex.def)             Requested size: 152.8713pt x 114.61761pt.

Overfull \hbox (2.01073pt too wide) has occurred while \output is active
 []\OT1/cmss/m/n/5 Aquaculture  
 []


Overfull \hbox (1.12701pt too wide) has occurred while \output is active
 []\OT1/cmss/m/n/5 Conclusions  
 []

[12

 <./figure/ExpM_MiniThal_StdCurve1_unlabeled2.pdf> <./figure/AlgaeReadingSpec.j
pg>]
<./figure/Thalassiosira_Scatter_with_SD_errors.pdf, id=576, 361.35pt x 361.35pt
>
File: ./figure/Thalassiosira_Scatter_with_SD_errors.pdf Graphic file (type pdf)

 <use ./figure/Thalassiosira_Scatter_with_SD_errors.pdf>
Package pdftex.def Info: ./figure/Thalassiosira_Scatter_with_SD_errors.pdf used
 on input line 412.
(pdftex.def)             Requested size: 152.8713pt x 152.86871pt.

<./figure/Thalassiosira_beanopplot.pdf, id=577, 361.35pt x 361.35pt>
File: ./figure/Thalassiosira_beanopplot.pdf Graphic file (type pdf)

<use ./figure/Thalassiosira_beanopplot.pdf>
Package pdftex.def Info: ./figure/Thalassiosira_beanopplot.pdf used on input li
ne 412.
(pdftex.def)             Requested size: 152.8713pt x 152.86871pt.

Overfull \hbox (2.01073pt too wide) has occurred while \output is active
 []\OT1/cmss/m/n/5 Aquaculture  
 []


Overfull \hbox (1.12701pt too wide) has occurred while \output is active
 []\OT1/cmss/m/n/5 Conclusions  
 []

[13

 <./figure/Thalassiosira_Scatter_with_SD_errors.pdf> <./figure/Thalassiosira_be
anopplot.pdf>]
<./figure/Tetraselmis_Scatter_with_SD_errors.pdf, id=632, 361.35pt x 361.35pt>
File: ./figure/Tetraselmis_Scatter_with_SD_errors.pdf Graphic file (type pdf)

<use ./figure/Tetraselmis_Scatter_with_SD_errors.pdf>
Package pdftex.def Info: ./figure/Tetraselmis_Scatter_with_SD_errors.pdf used o
n input line 430.
(pdftex.def)             Requested size: 152.8713pt x 152.86871pt.

<./figure/Tetraselmis_beanplot.pdf, id=633, 361.35pt x 361.35pt>
File: ./figure/Tetraselmis_beanplot.pdf Graphic file (type pdf)

<use ./figure/Tetraselmis_beanplot.pdf>
Package pdftex.def Info: ./figure/Tetraselmis_beanplot.pdf used on input line 4
30.
(pdftex.def)             Requested size: 152.8713pt x 152.86871pt.

Overfull \hbox (2.01073pt too wide) has occurred while \output is active
 []\OT1/cmss/m/n/5 Aquaculture  
 []


Overfull \hbox (1.12701pt too wide) has occurred while \output is active
 []\OT1/cmss/m/n/5 Conclusions  
 []

[14

 <./figure/Tetraselmis_Scatter_with_SD_errors.pdf> <./figure/Tetraselmis_beanpl
ot.pdf>]
<./figure/MixedCulture_Scatter_with_SD_errors.pdf, id=685, 361.35pt x 361.35pt>
File: ./figure/MixedCulture_Scatter_with_SD_errors.pdf Graphic file (type pdf)
<use ./figure/MixedCulture_Scatter_with_SD_errors.pdf>
Package pdftex.def Info: ./figure/MixedCulture_Scatter_with_SD_errors.pdf used 
on input line 451.
(pdftex.def)             Requested size: 152.8713pt x 152.86871pt.

<./figure/MixedCulture_beanopplot.pdf, id=686, 361.35pt x 361.35pt>
File: ./figure/MixedCulture_beanopplot.pdf Graphic file (type pdf)

<use ./figure/MixedCulture_beanopplot.pdf>
Package pdftex.def Info: ./figure/MixedCulture_beanopplot.pdf used on input lin
e 451.
(pdftex.def)             Requested size: 152.8713pt x 152.86871pt.

Overfull \hbox (2.01073pt too wide) has occurred while \output is active
 []\OT1/cmss/m/n/5 Aquaculture  
 []


Overfull \hbox (1.12701pt too wide) has occurred while \output is active
 []\OT1/cmss/m/n/5 Conclusions  
 []

[15

 <./figure/MixedCulture_Scatter_with_SD_errors.pdf> <./figure/MixedCulture_bean
opplot.pdf>]
<./figure/ExpC_GrowthCurve1_unlabeled.pdf, id=739, 361.35pt x 361.35pt>
File: ./figure/ExpC_GrowthCurve1_unlabeled.pdf Graphic file (type pdf)

<use ./figure/ExpC_GrowthCurve1_unlabeled.pdf>
Package pdftex.def Info: ./figure/ExpC_GrowthCurve1_unlabeled.pdf used on input
 line 473.
(pdftex.def)             Requested size: 152.8713pt x 152.86871pt.

<./figure/ExpD_GrowthCurve1_unlabeled.pdf, id=740, 361.35pt x 361.35pt>
File: ./figure/ExpD_GrowthCurve1_unlabeled.pdf Graphic file (type pdf)

<use ./figure/ExpD_GrowthCurve1_unlabeled.pdf>
Package pdftex.def Info: ./figure/ExpD_GrowthCurve1_unlabeled.pdf used on input
 line 473.
(pdftex.def)             Requested size: 152.8713pt x 152.86871pt.

Overfull \hbox (2.01073pt too wide) has occurred while \output is active
 []\OT1/cmss/m/n/5 Aquaculture  
 []


Overfull \hbox (1.12701pt too wide) has occurred while \output is active
 []\OT1/cmss/m/n/5 Conclusions  
 []

[16

 <./figure/ExpC_GrowthCurve1_unlabeled.pdf> <./figure/ExpD_GrowthCurve1_unlabel
ed.pdf>]
<./figure/ExpM_MiniThal_beanplot_cells_7_unlabeled.pdf, id=791, 361.35pt x 361.
35pt>
File: ./figure/ExpM_MiniThal_beanplot_cells_7_unlabeled.pdf Graphic file (type 
pdf)
 <use ./figure/ExpM_MiniThal_beanplot_cells_7_unlabeled.pdf>
Package pdftex.def Info: ./figure/ExpM_MiniThal_beanplot_cells_7_unlabeled.pdf 
used on input line 498.
(pdftex.def)             Requested size: 107.00945pt x 107.01085pt.

<./figure/ExpM_MiniThal_beanplot_cells_9_unlabeled.pdf, id=792, 361.35pt x 361.
35pt>
File: ./figure/ExpM_MiniThal_beanplot_cells_9_unlabeled.pdf Graphic file (type 
pdf)
 <use ./figure/ExpM_MiniThal_beanplot_cells_9_unlabeled.pdf>
Package pdftex.def Info: ./figure/ExpM_MiniThal_beanplot_cells_9_unlabeled.pdf 
used on input line 498.
(pdftex.def)             Requested size: 107.00945pt x 107.01085pt.

<./figure/ExpM_GrowthCurve2_unlabeled.pdf, id=793, 361.35pt x 361.35pt>
File: ./figure/ExpM_GrowthCurve2_unlabeled.pdf Graphic file (type pdf)

<use ./figure/ExpM_GrowthCurve2_unlabeled.pdf>
Package pdftex.def Info: ./figure/ExpM_GrowthCurve2_unlabeled.pdf used on input
 line 498.
(pdftex.def)             Requested size: 152.8713pt x 152.86871pt.

Overfull \vbox (4.0001pt too high) detected at line 498
 []


Overfull \hbox (2.01073pt too wide) has occurred while \output is active
 []\OT1/cmss/m/n/5 Aquaculture  
 []


Overfull \hbox (1.12701pt too wide) has occurred while \output is active
 []\OT1/cmss/m/n/5 Conclusions  
 []

[17

 <./figure/ExpM_MiniThal_beanplot_cells_7_unlabeled.pdf> <./figure/ExpM_MiniTha
l_beanplot_cells_9_unlabeled.pdf> <./figure/ExpM_GrowthCurve2_unlabeled.pdf>] <
./figure/ExpO_GrowthCurve1_unlabeled.pdf, id=850, 361.35pt x 361.35pt>
File: ./figure/ExpO_GrowthCurve1_unlabeled.pdf Graphic file (type pdf)

<use ./figure/ExpO_GrowthCurve1_unlabeled.pdf>
Package pdftex.def Info: ./figure/ExpO_GrowthCurve1_unlabeled.pdf used on input
 line 517.
(pdftex.def)             Requested size: 152.8713pt x 152.86871pt.

<./figure/ExpO_beanplot7_unlabeled.pdf, id=851, 361.35pt x 361.35pt>
File: ./figure/ExpO_beanplot7_unlabeled.pdf Graphic file (type pdf)

<use ./figure/ExpO_beanplot7_unlabeled.pdf>
Package pdftex.def Info: ./figure/ExpO_beanplot7_unlabeled.pdf used on input li
ne 517.
(pdftex.def)             Requested size: 152.8713pt x 152.86871pt.

Overfull \hbox (2.01073pt too wide) has occurred while \output is active
 []\OT1/cmss/m/n/5 Aquaculture  
 []


Overfull \hbox (1.12701pt too wide) has occurred while \output is active
 []\OT1/cmss/m/n/5 Conclusions  
 []

[18

 <./figure/ExpO_GrowthCurve1_unlabeled.pdf> <./figure/ExpO_beanplot7_unlabeled.
pdf>]
Overfull \hbox (12.54866pt too wide) in paragraph at lines 569--569
 [] 
 []


Overfull \hbox (2.01073pt too wide) has occurred while \output is active
 []\OT1/cmss/m/n/5 Aquaculture  
 []


Overfull \hbox (1.12701pt too wide) has occurred while \output is active
 []\OT1/cmss/m/n/5 Conclusions  
 []

[19

] <./figure/large_vol_algae.jpg, id=942, 1927.2pt x 1445.4pt>
File: ./figure/large_vol_algae.jpg Graphic file (type jpg)

<use ./figure/large_vol_algae.jpg>
Package pdftex.def Info: ./figure/large_vol_algae.jpg used on input line 592.
(pdftex.def)             Requested size: 152.8713pt x 114.64188pt.

<./figure/dried_algae.jpg, id=943, 4143.48pt x 3107.61pt>
File: ./figure/dried_algae.jpg Graphic file (type jpg)

<use ./figure/dried_algae.jpg>
Package pdftex.def Info: ./figure/dried_algae.jpg used on input line 592.
(pdftex.def)             Requested size: 152.8713pt x 114.60991pt.

Overfull \hbox (2.01073pt too wide) has occurred while \output is active
 []\OT1/cmss/m/n/5 Aquaculture  
 []


Overfull \hbox (1.12701pt too wide) has occurred while \output is active
 []\OT1/cmss/m/n/5 Conclusions  
 []

[20

 <./figure/large_vol_algae.jpg> <./figure/dried_algae.jpg>]
Overfull \hbox (2.01073pt too wide) has occurred while \output is active
 []\OT1/cmss/m/n/5 Aquaculture  
 []


Overfull \hbox (1.12701pt too wide) has occurred while \output is active
 []\OT1/cmss/m/n/5 Conclusions  
 []

[21

]
Overfull \hbox (2.01073pt too wide) has occurred while \output is active
 []\OT1/cmss/m/n/5 Aquaculture  
 []


Overfull \hbox (1.12701pt too wide) has occurred while \output is active
 []\OT1/cmss/m/n/5 Conclusions  
 []

[22

]
Overfull \hbox (2.01073pt too wide) has occurred while \output is active
 []\OT1/cmss/m/n/5 Aquaculture  
 []


Overfull \hbox (1.12701pt too wide) has occurred while \output is active
 []\OT1/cmss/m/n/5 Conclusions  
 []

[23

] <./figure/UTEXAlgalBioreactors.jpg, id=1099, 3276.24pt x 2457.18pt>
File: ./figure/UTEXAlgalBioreactors.jpg Graphic file (type jpg)

<use ./figure/UTEXAlgalBioreactors.jpg>
Package pdftex.def Info: ./figure/UTEXAlgalBioreactors.jpg used on input line 7
02.
(pdftex.def)             Requested size: 214.0189pt x 160.50967pt.

Overfull \hbox (2.01073pt too wide) has occurred while \output is active
 []\OT1/cmss/m/n/5 Aquaculture  
 []


Overfull \hbox (1.12701pt too wide) has occurred while \output is active
 []\OT1/cmss/m/n/5 Conclusions  
 []

[24

 <./figure/UTEXAlgalBioreactors.jpg>]
<./figure/bigSU.PNG, id=1138, 897.3525pt x 355.3275pt>
File: ./figure/bigSU.PNG Graphic file (type png)

<use ./figure/bigSU.PNG>
Package pdftex.def Info: ./figure/bigSU.PNG used on input line 727.
(pdftex.def)             Requested size: 152.8713pt x 60.52957pt.

<./figure/tedco_logo_tedco_md.png, id=1139, 197.73875pt x 66.2475pt>
File: ./figure/tedco_logo_tedco_md.png Graphic file (type png)

<use ./figure/tedco_logo_tedco_md.png>
Package pdftex.def Info: ./figure/tedco_logo_tedco_md.png used on input line 72
7.
(pdftex.def)             Requested size: 49.43456pt x 16.56183pt.

Overfull \hbox (2.01073pt too wide) has occurred while \output is active
 []\OT1/cmss/m/n/5 Aquaculture  
 []


Overfull \hbox (1.12701pt too wide) has occurred while \output is active
 []\OT1/cmss/m/n/5 Conclusions  
 []

[25

 <./figure/bigSU.PNG> <./figure/tedco_logo_tedco_md.png>]
\tf@nav=\write6
\openout6 = `SKelly_Thesis_Presentation.nav'.

\tf@toc=\write7
\openout7 = `SKelly_Thesis_Presentation.toc'.

\tf@snm=\write8
\openout8 = `SKelly_Thesis_Presentation.snm'.

Package atveryend Info: Empty hook `BeforeClearDocument' on input line 751.
Package atveryend Info: Empty hook `AfterLastShipout' on input line 751.

(./SKelly_Thesis_Presentation.aux)
Package atveryend Info: Executing hook `AtVeryEndDocument' on input line 751.


 *File List*
  beamer.cls    2015/01/05 3.36 A class for typesetting presentations (rcs-revi
sion 8a39122e1f63)
beamerbasercs.sty    2015/03/08 (rcs-revision 368aa9ba9d38)
beamerbasemodes.sty    2013/09/03 (rcs-revision 768f2d98ca64)
beamerbasedecode.sty    2010/05/01 (rcs-revision efa082c6111d)
   ifpdf.sty    2011/01/30 v2.3 Provides the ifpdf switch (HO)
beamerbaseoptions.sty    2013/03/10 (rcs-revision 47431932db0d)
  keyval.sty    2014/10/28 v1.15 key=value parser (DPC)
geometry.sty    2010/09/12 v5.6 Page Geometry
  ifvtex.sty    2010/03/01 v1.5 Detect VTeX and its facilities (HO)
 ifxetex.sty    2010/09/12 v0.6 Provides ifxetex conditional
   size8.clo    1999/11/11 v1.4a NON-Standard LaTeX file (size option)
 pgfcore.sty    2010/04/11 v3.0.0 (rcs-revision 1.7)
graphicx.sty    2014/10/28 v1.0g Enhanced LaTeX Graphics (DPC,SPQR)
graphics.sty    2014/10/28 v1.0p Standard LaTeX Graphics (DPC,SPQR)
    trig.sty    1999/03/16 v1.09 sin cos tan (DPC)
graphics.cfg    2010/04/23 v1.9 graphics configuration of TeX Live
  pdftex.def    2011/05/27 v0.06d Graphics/color for pdfTeX
infwarerr.sty    2010/04/08 v1.3 Providing info/warning/error messages (HO)
 ltxcmds.sty    2011/11/09 v1.22 LaTeX kernel commands for general use (HO)
  pgfsys.sty    2013/11/30 v3.0.0 (rcs-revision 1.47)
  pgfrcs.sty    2013/12/20 v3.0.0 (rcs-revision 1.28)
everyshi.sty    2001/05/15 v3.00 EveryShipout Package (MS)
  pgfrcs.code.tex
  pgfsys.code.tex
pgfsyssoftpath.code.tex    2013/09/09  (rcs-revision 1.9)
pgfsysprotocol.code.tex    2006/10/16  (rcs-revision 1.4)
  xcolor.sty    2007/01/21 v2.11 LaTeX color extensions (UK)
   color.cfg    2007/01/18 v1.5 color configuration of teTeX/TeXLive
 pgfcore.code.tex
 xxcolor.sty    2003/10/24 ver 0.1
atbegshi.sty    2011/10/05 v1.16 At begin shipout hook (HO)
hyperref.sty    2012/11/06 v6.83m Hypertext links for LaTeX
hobsub-hyperref.sty    2012/05/28 v1.13 Bundle oberdiek, subset hyperref (HO)
hobsub-generic.sty    2012/05/28 v1.13 Bundle oberdiek, subset generic (HO)
  hobsub.sty    2012/05/28 v1.13 Construct package bundles (HO)
ifluatex.sty    2010/03/01 v1.3 Provides the ifluatex switch (HO)
 intcalc.sty    2007/09/27 v1.1 Expandable calculations with integers (HO)
etexcmds.sty    2011/02/16 v1.5 Avoid name clashes with e-TeX commands (HO)
kvsetkeys.sty    2012/04/25 v1.16 Key value parser (HO)
kvdefinekeys.sty    2011/04/07 v1.3 Define keys (HO)
pdftexcmds.sty    2011/11/29 v0.20 Utility functions of pdfTeX for LuaTeX (HO)
pdfescape.sty    2011/11/25 v1.13 Implements pdfTeX's escape features (HO)
bigintcalc.sty    2012/04/08 v1.3 Expandable calculations on big integers (HO)
  bitset.sty    2011/01/30 v1.1 Handle bit-vector datatype (HO)
uniquecounter.sty    2011/01/30 v1.2 Provide unlimited unique counter (HO)
letltxmacro.sty    2010/09/02 v1.4 Let assignment for LaTeX macros (HO)
 hopatch.sty    2012/05/28 v1.2 Wrapper for package hooks (HO)
xcolor-patch.sty    2011/01/30 xcolor patch
atveryend.sty    2011/06/30 v1.8 Hooks at the very end of document (HO)
refcount.sty    2011/10/16 v3.4 Data extraction from label references (HO)
 hycolor.sty    2011/01/30 v1.7 Color options for hyperref/bookmark (HO)
 auxhook.sty    2011/03/04 v1.3 Hooks for auxiliary files (HO)
kvoptions.sty    2011/06/30 v3.11 Key value format for package options (HO)
  pd1enc.def    2012/11/06 v6.83m Hyperref: PDFDocEncoding definition (HO)
hyperref.cfg    2002/06/06 v1.2 hyperref configuration of TeXLive
     url.sty    2013/09/16  ver 3.4  Verb mode for urls, etc.
 hpdftex.def    2012/11/06 v6.83m Hyperref driver for pdfTeX
rerunfilecheck.sty    2011/04/15 v1.7 Rerun checks for auxiliary files (HO)
beamerbaserequires.sty    2010/05/01  (rcs-revision efa082c6111d)
beamerbasecompatibility.sty    2012/05/01  (rcs-revision 67c48b3b652d)
beamerbasefont.sty    2015/01/05  (rcs-revision b4b4bee242e2)
 amssymb.sty    2013/01/14 v3.01 AMS font symbols
amsfonts.sty    2013/01/14 v3.01 Basic AMSFonts support
sansmathaccent.sty    2013/03/28
filehook.sty    2011/10/12 v0.5d Hooks for input files
beamerbasetranslator.sty    2010/06/11  (rcs-revision 85fd1cc7fc42)
translator.sty    2010/06/12 ver 1.10
translator-language-mappings.tex
beamerbasemisc.sty    2013/09/03  (rcs-revision a55719c41d85)
beamerbasetwoscreens.sty    2010/05/01  (rcs-revision efa082c6111d)
beamerbaseoverlay.sty    2013/12/25  (rcs-revision f6bd5e3805da)
beamerbasetitle.sty    2010/09/21  (rcs-revision f0446ed0b6ae)
beamerbasesection.sty    2013/06/07  (rcs-revision 60b9fe0f342f)
beamerbaseframe.sty    2014/02/20  (rcs-revision 4b8ceeeff434)
beamerbaseverbatim.sty    2015/01/05  (rcs-revision 431510bb5890)
beamerbaseframesize.sty    2011/09/12  (rcs-revision 70f9d8411e54)
beamerbaseframecomponents.sty    2013/10/18  (rcs-revision 5cf6c5555a45)
beamerbasecolor.sty    2015/02/21  (rcs-revision d944b04ee2d5)
beamerbasenotes.sty    2012/12/19  (rcs-revision 1686da3db3c9)
beamerbasetoc.sty    2015/03/08  (rcs-revision 7270298bbaae)
beamerbasetemplates.sty    2010/05/01  (rcs-revision efa082c6111d)
beamerbaseauxtemplates.sty    2014/06/30  (rcs-revision 580088513a67)
beamerbaseboxes.sty    2012/05/13  (rcs-revision 56972908a390)
beamerbaselocalstructure.sty    2014/09/10  (rcs-revision 393f6dcff371)
enumerate.sty    2014/10/28 v3.00 enumerate extensions (DPC)
beamerbasenavigation.sty    2015/02/27  (rcs-revision 923f4bf87efa)
beamerbasetheorems.sty    2010/06/06  (rcs-revision 7e7cc5e53e9d)
 amsmath.sty    2013/01/14 v2.14 AMS math features
 amstext.sty    2000/06/29 v2.01
  amsgen.sty    1999/11/30 v2.0
  amsbsy.sty    1999/11/29 v1.2d
  amsopn.sty    1999/12/14 v2.01 operator names
  amsthm.sty    2015/03/04 v2.20.2
beamerbasethemes.sty    2010/05/01  (rcs-revision efa082c6111d)
beamerthemedefault.sty    2010/06/17  (rcs-revision d02a7cf4d8ae)
beamerfontthemedefault.sty    2012/12/19  (rcs-revision 1686da3db3c9)
beamercolorthemedefault.sty    2012/12/19  (rcs-revision 1686da3db3c9)
beamerinnerthemedefault.sty    2014/06/30  (rcs-revision 580088513a67)
beamerouterthemedefault.sty    2012/12/19  (rcs-revision 1686da3db3c9)
  framed.sty    2011/10/22 v 0.96: framed or shaded text with page breaks
   alltt.sty    1997/06/16 v2.0g defines alltt environment
breakurl.sty    2013/04/10 v1.40 Breakable hyperref URLs
 xkeyval.sty    2014/12/03 v2.7a package option processing (HA)
 xkeyval.tex    2014/12/03 v2.7a key=value parser (HA)
    cite.sty    2015/02/27  v 5.5
etoolbox.sty    2015/05/04 v2.2 e-TeX tools for LaTeX (JAW)
 forloop.sty    2006/09/18 v3.0 For Loops for LaTeX
  ifthen.sty    2014/09/29 v1.1c Standard LaTeX ifthen package (DPC)
    tikz.sty    2013/12/13 v3.0.0 (rcs-revision 1.142)
     pgf.sty    2013/12/18 v3.0.0 (rcs-revision 1.14)
pgfcomp-version-0-65.sty    2007/07/03 v3.0.0 (rcs-revision 1.7)
pgfcomp-version-1-18.sty    2007/07/23 v3.0.0 (rcs-revision 1.1)
  pgffor.sty    2013/12/13 v3.0.0 (rcs-revision 1.25)
 pgfkeys.sty    
 pgfkeys.code.tex
 pgfmath.sty    
 pgfmath.code.tex
  pgffor.code.tex
    tikz.code.tex
beamerthemePaloAlto.sty    2010/06/17  (rcs-revision d02a7cf4d8ae)
beamerouterthemesidebar.sty    2010/06/17  (rcs-revision d02a7cf4d8ae)
beamerinnerthemerounded.sty    2010/06/17  (rcs-revision d02a7cf4d8ae)
beamercolorthemeorchid.sty    2010/06/17  (rcs-revision d02a7cf4d8ae)
beamercolorthemewhale.sty    2010/06/17  (rcs-revision d02a7cf4d8ae)
 upquote.sty    2012/04/19 v1.3 upright-quote and grave-accent glyphs in verbat
im
supp-pdf.mkii
epstopdf-base.sty    2010/02/09 v2.5 Base part for package epstopdf
  grfext.sty    2010/08/19 v1.1 Manage graphics extensions (HO)
epstopdf-sys.cfg    2010/07/13 v1.3 Configuration of (r)epstopdf for TeX Live
 nameref.sty    2012/10/27 v2.43 Cross-referencing by name of section
gettitlestring.sty    2010/12/03 v1.4 Cleanup title references (HO)
SKelly_Thesis_Presentation.out
SKelly_Thesis_Presentation.out
translator-basic-dictionary-English.dict    
translator-bibliography-dictionary-English.dict    
translator-environment-dictionary-English.dict    
translator-months-dictionary-English.dict    
translator-numbers-dictionary-English.dict    
translator-theorem-dictionary-English.dict    
./figure/Chaetoceros.jpg
./figure/Kelp_forest_sciworthy_com.jpg
./figure/Haematococcus_astaxanthin_Cyanotech.png
./figure/algae-bioreactor_enfo_agt_bme_hu.jpg
    umsa.fd    2013/01/14 v3.01 AMS symbols A
    umsb.fd    2013/01/14 v3.01 AMS symbols B
ot1mathkerncmss.fd    2013/03/27 Fontinst v1.933 font definitions for OT1/mathk
erncmss.
./figure/earthrise_farm_pond_ethand_net.png
./figure/HornPoint2013_Algae_feedstock.jpg
./figure/HPL_Experiment_underway.jpg
SKelly_Thesis_Presentation.vrb
./figure/FAO_Isochrysis_Tetraselmis.jpg
./figure/Thal_psuedonana.jpg
./figure/UTEX_Austin_TX_capitol.jpg
./figure/Texas_cycad.jpg
./figure/HornPointLab.jpg
./figure/PPFM_Cultures.JPG
./figure/ppfm_newleafsym_com.png
./figure/Chlamydomonas_summary.png
./figure/Algae_PPFM_isolation.jpg
./figure/ExpM_MiniThal_StdCurve1_unlabeled2.pdf
./figure/AlgaeReadingSpec.jpg
./figure/Thalassiosira_Scatter_with_SD_errors.pdf
./figure/Thalassiosira_beanopplot.pdf
./figure/Tetraselmis_Scatter_with_SD_errors.pdf
./figure/Tetraselmis_beanplot.pdf
./figure/MixedCulture_Scatter_with_SD_errors.pdf
./figure/MixedCulture_beanopplot.pdf
./figure/ExpC_GrowthCurve1_unlabeled.pdf
./figure/ExpD_GrowthCurve1_unlabeled.pdf
./figure/ExpM_MiniThal_beanplot_cells_7_unlabeled.pdf
./figure/ExpM_MiniThal_beanplot_cells_9_unlabeled.pdf
./figure/ExpM_GrowthCurve2_unlabeled.pdf
./figure/ExpO_GrowthCurve1_unlabeled.pdf
./figure/ExpO_beanplot7_unlabeled.pdf
./figure/large_vol_algae.jpg
./figure/dried_algae.jpg
./figure/UTEXAlgalBioreactors.jpg
./figure/bigSU.PNG
./figure/tedco_logo_tedco_md.png
 ***********

Package atveryend Info: Executing hook `AtEndAfterFileList' on input line 751.
Package rerunfilecheck Info: File `SKelly_Thesis_Presentation.out' has not chan
ged.
(rerunfilecheck)             Checksum: 1829995F4416337B11AFF529CC735507;554.

LaTeX Font Warning: Size substitutions with differences
(Font)              up to 1.0pt have occurred.


LaTeX Warning: There were multiply-defined labels.

Package atveryend Info: Empty hook `AtVeryVeryEnd' on input line 751.
 ) 
Here is how much of TeX's memory you used:
 20749 strings out of 493089
 412873 string characters out of 6134842
 488870 words of memory out of 5000000
 23626 multiletter control sequences out of 15000+600000
 12629 words of font info for 46 fonts, out of 8000000 for 9000
 1141 hyphenation exceptions out of 8191
 56i,16n,64p,927b,753s stack positions out of 5000i,500n,10000p,200000b,80000s
</usr/local/texlive/2015/texmf-dist/fonts/type1/public/amsfonts/cm/cmss10.pfb
></usr/local/texlive/2015/texmf-dist/fonts/type1/public/amsfonts/cm/cmss8.pfb><
/usr/local/texlive/2015/texmf-dist/fonts/type1/public/amsfonts/cm/cmssbx10.pfb>
</usr/local/texlive/2015/texmf-dist/fonts/type1/public/amsfonts/cm/cmssi10.pfb>
</usr/local/texlive/2015/texmf-dist/fonts/type1/public/amsfonts/cm/cmssi8.pfb><
/usr/local/texlive/2015/texmf-dist/fonts/type1/public/amsfonts/cm/cmsy8.pfb></u
sr/local/texlive/2015/texmf-dist/fonts/type1/public/amsfonts/cm/cmtt8.pfb>
Output written on SKelly_Thesis_Presentation.pdf (25 pages, 29399682 bytes).
PDF statistics:
 1222 PDF objects out of 1440 (max. 8388607)
 1111 compressed objects within 12 object streams
 71 named destinations out of 1000 (max. 500000)
 349 words of extra memory for PDF output out of 10000 (max. 10000000)

