This is pdfTeXk, Version 3.141592-1.40.3 (Web2C 7.5.6) (format=pdflatex 2015.9.23)  7 MAR 2016 21:03
entering extended mode
 %&-line parsing enabled.
**genomic_variant_report.tex
(./genomic_variant_report.tex
LaTeX2e <2005/12/01>
Babel <v3.8h> and hyphenation patterns for english, usenglishmax, dumylang, noh
yphenation, arabic, basque, bulgarian, coptic, welsh, czech, slovak, german, ng
erman, danish, esperanto, spanish, catalan, galician, estonian, farsi, finnish,
 french, greek, monogreek, ancientgreek, croatian, hungarian, interlingua, ibyc
us, indonesian, icelandic, italian, latin, mongolian, dutch, norsk, polish, por
tuguese, pinyin, romanian, russian, slovenian, uppersorbian, serbian, swedish, 
turkish, ukenglish, ukrainian, loaded.
(/usr/share/texmf/tex/latex/base/article.cls
Document Class: article 2005/09/16 v1.4f Standard LaTeX document class
(/usr/share/texmf/tex/latex/base/size12.clo
File: size12.clo 2005/09/16 v1.4f Standard LaTeX file (size option)
)
\c@part=\count79
\c@section=\count80
\c@subsection=\count81
\c@subsubsection=\count82
\c@paragraph=\count83
\c@subparagraph=\count84
\c@figure=\count85
\c@table=\count86
\abovecaptionskip=\skip41
\belowcaptionskip=\skip42
\bibindent=\dimen102
)
(/usr/share/texmf/tex/latex/graphics/graphicx.sty
Package: graphicx 1999/02/16 v1.0f Enhanced LaTeX Graphics (DPC,SPQR)

(/usr/share/texmf/tex/latex/graphics/keyval.sty
Package: keyval 1999/03/16 v1.13 key=value parser (DPC)
\KV@toks@=\toks14
)
(/usr/share/texmf/tex/latex/graphics/graphics.sty
Package: graphics 2006/02/20 v1.0o Standard LaTeX Graphics (DPC,SPQR)

(/usr/share/texmf/tex/latex/graphics/trig.sty
Package: trig 1999/03/16 v1.09 sin cos tan (DPC)
)
(/usr/share/texmf/tex/latex/config/graphics.cfg
File: graphics.cfg 2007/01/18 v1.5 graphics configuration of teTeX/TeXLive
)
Package graphics Info: Driver file: pdftex.def on input line 90.

(/usr/share/texmf/tex/latex/pdftex-def/pdftex.def
File: pdftex.def 2007/01/08 v0.04d Graphics/color for pdfTeX
\Gread@gobject=\count87
))
\Gin@req@height=\dimen103
\Gin@req@width=\dimen104
)
(/usr/share/texmf/tex/latex/graphics/color.sty
Package: color 2005/11/14 v1.0j Standard LaTeX Color (DPC)

(/usr/share/texmf/tex/latex/config/color.cfg
File: color.cfg 2007/01/18 v1.5 color configuration of teTeX/TeXLive
)
Package color Info: Driver file: pdftex.def on input line 130.
)
(/usr/share/texmf/tex/latex/framed/framed.sty
Package: framed 2011/10/22 v 0.96: framed or shaded text with page breaks
\OuterFrameSep=\skip43
\fb@frw=\dimen105
\fb@frh=\dimen106
\FrameRule=\dimen107
\FrameSep=\dimen108
)
(/usr/share/texmf/tex/latex/base/alltt.sty
Package: alltt 1997/06/16 v2.0g defines alltt environment
)
(/usr/share/texmf/tex/latex/psnfss/helvet.sty
Package: helvet 2005/04/12 PSNFSS-v9.2a (WaS) 
)
(/usr/share/texmf/tex/latex/ltxmisc/a4wide.sty
Package: a4wide 1994/08/30

(/usr/share/texmf/tex/latex/ntgclass/a4.sty
Package: a4 2004/04/15 v1.2g A4 based page layout
))
(/usr/share/texmf/tex/latex/ucs/ucs.sty
Package: ucs 2004/10/17 UCS: Unicode input support

(/usr/share/texmf/tex/latex/ucs/data/uni-global.def
File: uni-global.def 2004/10/17 UCS: Unicode global data
)
\uc@secondtry=\count88
\uc@combtoks=\toks15
\uc@combtoksb=\toks16
\uc@temptokena=\toks17
)
(/usr/share/texmf/tex/latex/base/inputenc.sty
Package: inputenc 2006/05/05 v1.1b Input encoding file
\inpenc@prehook=\toks18
\inpenc@posthook=\toks19

(/usr/share/texmf/tex/latex/ucs/utf8x.def
File: utf8x.def 2004/10/17 UCS: Input encoding UTF-8
))
(/usr/share/texmf/tex/generic/babel/babel.sty
Package: babel 2005/11/23 v3.8h The Babel package

(/usr/share/texmf/tex/generic/babel/english.ldf
Language: english 2005/03/30 v3.3o English support from the babel system

(/usr/share/texmf/tex/generic/babel/babel.def
File: babel.def 2005/11/23 v3.8h Babel common definitions
\babel@savecnt=\count89
\U@D=\dimen109
)
\l@british = a dialect from \language\l@english 
\l@UKenglish = a dialect from \language\l@english 
\l@canadian = a dialect from \language\l@american 
\l@australian = a dialect from \language\l@british 
\l@newzealand = a dialect from \language\l@british 
))
(/usr/share/texmf/tex/latex/cite/cite.sty
LaTeX Info: Redefining \cite on input line 149.
LaTeX Info: Redefining \nocite on input line 214.
Package: cite 2003/11/04  v 4.01
)
(/usr/share/texmf/tex/latex/textpos/textpos.sty
Package: textpos 2006/09/02 v1.7a

Package: `textpos' 1.7a <2006 September 2>
(/usr/share/texmf/tex/latex/everyshi/everyshi.sty
Package: everyshi 2001/05/15 v3.00 EveryShipout Package (MS)
)
\TP@textbox=\box26
\TP@holdbox=\box27
\TPHorizModule=\dimen110
\TPVertModule=\dimen111
\TP@margin=\dimen112
\TP@absmargin=\dimen113

Grid set 16 x 16 = 37.34424pt x 52.81541pt
\TPboxrulesize=\dimen114
\TP@ox=\dimen115
\TP@oy=\dimen116
\TP@tbargs=\toks20
\TP@prevdepth=\dimen117
TextBlockOrigin set to 0pt x 0pt
) (/usr/share/texmf/tex/latex/tools/tabularx.sty
Package: tabularx 1999/01/07 v2.07 `tabularx' package (DPC)

(/usr/share/texmf/tex/latex/tools/array.sty
Package: array 2005/08/23 v2.4b Tabular extension package (FMi)
\col@sep=\dimen118
\extrarowheight=\dimen119
\NC@list=\toks21
\extratabsurround=\skip44
\backup@length=\skip45
)
\TX@col@width=\dimen120
\TX@old@table=\dimen121
\TX@old@col=\dimen122
\TX@target=\dimen123
\TX@delta=\dimen124
\TX@cols=\count90
\TX@ftn=\toks22
)
(/usr/share/texmf/tex/latex/tabulary/tabulary.sty
Package: tabulary 2003/09/14 v0.8 tabulary package (DPC)
\TY@count=\count91
\TY@linewidth=\dimen125
\tymin=\dimen126
\tymax=\dimen127
\TY@tablewidth=\dimen128
)
(/usr/share/texmf/tex/latex/fancyhdr/fancyhdr.sty
\fancy@headwidth=\skip46
\f@ncyO@elh=\skip47
\f@ncyO@erh=\skip48
\f@ncyO@olh=\skip49
\f@ncyO@orh=\skip50
\f@ncyO@elf=\skip51
\f@ncyO@erf=\skip52
\f@ncyO@olf=\skip53
\f@ncyO@orf=\skip54
)
(/usr/share/texmf/tex/latex/xcolor/xcolor.sty
Package: xcolor 2007/01/21 v2.11 LaTeX color extensions (UK)

(/usr/share/texmf/tex/latex/config/color.cfg
File: color.cfg 2007/01/18 v1.5 color configuration of teTeX/TeXLive
)
Package xcolor Info: Driver file: pdftex.def on input line 225.

(/usr/share/texmf/tex/latex/colortbl/colortbl.sty
Package: colortbl 2001/02/13 v0.1j Color table columns (DPC)
\everycr=\toks23
\minrowclearance=\skip55
)
LaTeX Info: Redefining \color on input line 702.
\rownum=\count92
Package xcolor Info: Model `cmy' substituted by `cmy0' on input line 1337.
Package xcolor Info: Model `hsb' substituted by `rgb' on input line 1341.
Package xcolor Info: Model `RGB' extended on input line 1353.
Package xcolor Info: Model `HTML' substituted by `rgb' on input line 1355.
Package xcolor Info: Model `Hsb' substituted by `hsb' on input line 1356.
Package xcolor Info: Model `tHsb' substituted by `hsb' on input line 1357.
Package xcolor Info: Model `HSB' substituted by `hsb' on input line 1358.
Package xcolor Info: Model `Gray' substituted by `gray' on input line 1359.
Package xcolor Info: Model `wave' substituted by `hsb' on input line 1360.
)
(/usr/share/texmf/tex/latex/tools/longtable.sty
Package: longtable 2004/02/01 v4.11 Multi-page Table package (DPC)
\LTleft=\skip56
\LTright=\skip57
\LTpre=\skip58
\LTpost=\skip59
\LTchunksize=\count93
\LTcapwidth=\dimen129
\LT@head=\box28
\LT@firsthead=\box29
\LT@foot=\box30
\LT@lastfoot=\box31
\LT@cols=\count94
\LT@rows=\count95
\c@LT@tables=\count96
\c@LT@chunks=\count97
\LT@p@ftn=\toks24
)
(/usr/share/texmf/tex/latex/upquote/upquote.sty
Package: upquote 2003/08/11 v1.1 Covington's upright-quote modification to verb
atim and verb

(/usr/share/texmf/tex/latex/base/textcomp.sty
Package: textcomp 2005/09/27 v1.99g Standard LaTeX package
Package textcomp Info: Sub-encoding information:
(textcomp)               5 = only ISO-Adobe without \textcurrency
(textcomp)               4 = 5 + \texteuro
(textcomp)               3 = 4 + \textohm
(textcomp)               2 = 3 + \textestimated + \textcurrency
(textcomp)               1 = TS1 - \textcircled - \t
(textcomp)               0 = TS1 (full)
(textcomp)             Font families with sub-encoding setting implement
(textcomp)             only a restricted character set as indicated.
(textcomp)             Family '?' is the default used for unknown fonts.
(textcomp)             See the documentation for details.
Package textcomp Info: Setting ? sub-encoding to TS1/1 on input line 71.

(/usr/share/texmf/tex/latex/base/ts1enc.def
File: ts1enc.def 2001/06/05 v3.0e (jk/car/fm) Standard LaTeX file
)
LaTeX Info: Redefining \oldstylenums on input line 266.
Package textcomp Info: Setting cmr sub-encoding to TS1/0 on input line 281.
Package textcomp Info: Setting cmss sub-encoding to TS1/0 on input line 282.
Package textcomp Info: Setting cmtt sub-encoding to TS1/0 on input line 283.
Package textcomp Info: Setting cmvtt sub-encoding to TS1/0 on input line 284.
Package textcomp Info: Setting cmbr sub-encoding to TS1/0 on input line 285.
Package textcomp Info: Setting cmtl sub-encoding to TS1/0 on input line 286.
Package textcomp Info: Setting ccr sub-encoding to TS1/0 on input line 287.
Package textcomp Info: Setting ptm sub-encoding to TS1/4 on input line 288.
Package textcomp Info: Setting pcr sub-encoding to TS1/4 on input line 289.
Package textcomp Info: Setting phv sub-encoding to TS1/4 on input line 290.
Package textcomp Info: Setting ppl sub-encoding to TS1/3 on input line 291.
Package textcomp Info: Setting pag sub-encoding to TS1/4 on input line 292.
Package textcomp Info: Setting pbk sub-encoding to TS1/4 on input line 293.
Package textcomp Info: Setting pnc sub-encoding to TS1/4 on input line 294.
Package textcomp Info: Setting pzc sub-encoding to TS1/4 on input line 295.
Package textcomp Info: Setting bch sub-encoding to TS1/4 on input line 296.
Package textcomp Info: Setting put sub-encoding to TS1/5 on input line 297.
Package textcomp Info: Setting uag sub-encoding to TS1/5 on input line 298.
Package textcomp Info: Setting ugq sub-encoding to TS1/5 on input line 299.
Package textcomp Info: Setting ul8 sub-encoding to TS1/4 on input line 300.
Package textcomp Info: Setting ul9 sub-encoding to TS1/4 on input line 301.
Package textcomp Info: Setting augie sub-encoding to TS1/5 on input line 302.
Package textcomp Info: Setting dayrom sub-encoding to TS1/3 on input line 303.
Package textcomp Info: Setting dayroms sub-encoding to TS1/3 on input line 304.

Package textcomp Info: Setting pxr sub-encoding to TS1/0 on input line 305.
Package textcomp Info: Setting pxss sub-encoding to TS1/0 on input line 306.
Package textcomp Info: Setting pxtt sub-encoding to TS1/0 on input line 307.
Package textcomp Info: Setting txr sub-encoding to TS1/0 on input line 308.
Package textcomp Info: Setting txss sub-encoding to TS1/0 on input line 309.
Package textcomp Info: Setting txtt sub-encoding to TS1/0 on input line 310.
Package textcomp Info: Setting futs sub-encoding to TS1/4 on input line 311.
Package textcomp Info: Setting futx sub-encoding to TS1/4 on input line 312.
Package textcomp Info: Setting futj sub-encoding to TS1/4 on input line 313.
Package textcomp Info: Setting hlh sub-encoding to TS1/3 on input line 314.
Package textcomp Info: Setting hls sub-encoding to TS1/3 on input line 315.
Package textcomp Info: Setting hlst sub-encoding to TS1/3 on input line 316.
Package textcomp Info: Setting hlct sub-encoding to TS1/5 on input line 317.
Package textcomp Info: Setting hlx sub-encoding to TS1/5 on input line 318.
Package textcomp Info: Setting hlce sub-encoding to TS1/5 on input line 319.
Package textcomp Info: Setting hlcn sub-encoding to TS1/5 on input line 320.
Package textcomp Info: Setting hlcw sub-encoding to TS1/5 on input line 321.
Package textcomp Info: Setting hlcf sub-encoding to TS1/5 on input line 322.
Package textcomp Info: Setting pplx sub-encoding to TS1/3 on input line 323.
Package textcomp Info: Setting pplj sub-encoding to TS1/3 on input line 324.
Package textcomp Info: Setting ptmx sub-encoding to TS1/4 on input line 325.
Package textcomp Info: Setting ptmj sub-encoding to TS1/4 on input line 326.
)) (./genomic_variant_report.aux)
\openout1 = `genomic_variant_report.aux'.

LaTeX Font Info:    Checking defaults for OML/cmm/m/it on input line 95.
LaTeX Font Info:    ... okay on input line 95.
LaTeX Font Info:    Checking defaults for T1/cmr/m/n on input line 95.
LaTeX Font Info:    ... okay on input line 95.
LaTeX Font Info:    Checking defaults for OT1/cmr/m/n on input line 95.
LaTeX Font Info:    ... okay on input line 95.
LaTeX Font Info:    Checking defaults for OMS/cmsy/m/n on input line 95.
LaTeX Font Info:    ... okay on input line 95.
LaTeX Font Info:    Checking defaults for OMX/cmex/m/n on input line 95.
LaTeX Font Info:    ... okay on input line 95.
LaTeX Font Info:    Checking defaults for U/cmr/m/n on input line 95.
LaTeX Font Info:    ... okay on input line 95.
LaTeX Font Info:    Checking defaults for TS1/cmr/m/n on input line 95.
LaTeX Font Info:    Try loading font information for TS1+cmr on input line 95.

(/usr/share/texmf/tex/latex/base/ts1cmr.fd
File: ts1cmr.fd 1999/05/25 v2.5h Standard LaTeX font definitions
)
LaTeX Font Info:    ... okay on input line 95.
LaTeX Font Info:    Try loading font information for OT1+phv on input line 95.

(/usr/share/texmf/tex/latex/psnfss/ot1phv.fd
File: ot1phv.fd 2001/06/04 scalable font definitions for OT1/phv.
)
(/usr/share/texmf/tex/context/base/supp-pdf.tex
[Loading MPS to PDF converter (version 2006.09.02).]
\scratchcounter=\count98
\scratchdimen=\dimen130
\scratchbox=\box32
\nofMPsegments=\count99
\nofMParguments=\count100
\MPscratchCnt=\count101
\MPscratchDim=\dimen131
\MPnumerator=\count102
\everyMPtoPDFconversion=\toks25
) (/usr/share/texmf/tex/latex/ucs/ucsencs.def
File: ucsencs.def 2003/11/29 Fixes to fontencodings LGR, T3
)
ABD: EveryShipout initializing macros
LaTeX Font Info:    Font shape `OT1/phv/bx/n' in size <17.28> not available
(Font)              Font shape `OT1/phv/b/n' tried instead on input line 96.

<figures/histology/athymus2.jpg, id=1, 401.5pt x 268.00125pt>
File: figures/histology/athymus2.jpg Graphic file (type jpg)

<use figures/histology/athymus2.jpg>
<figures/histology/bhistolokiwi.jpg, id=2, 1284.8pt x 972.63374pt>
File: figures/histology/bhistolokiwi.jpg Graphic file (type jpg)

<use figures/histology/bhistolokiwi.jpg>
<figures/histology/SimpleColumnarEpithelium1_0.jpg, id=3, 1027.84pt x 770.88pt>
File: figures/histology/SimpleColumnarEpithelium1_0.jpg Graphic file (type jpg)

<use figures/histology/SimpleColumnarEpithelium1_0.jpg>
Overfull \hbox (16.93552pt too wide) in paragraph at lines 97--100
[] [] [] 
 []

LaTeX Font Info:    Font shape `OT1/phv/bx/n' in size <12> not available
(Font)              Font shape `OT1/phv/b/n' tried instead on input line 103.

Underfull \hbox (badness 10000) in paragraph at lines 103--114

 []


Underfull \hbox (badness 10000) in paragraph at lines 103--114

 []


Underfull \hbox (badness 10000) in paragraph at lines 103--114

 []


Underfull \hbox (badness 10000) in paragraph at lines 103--114

 []


Underfull \hbox (badness 10000) in paragraph at lines 103--114

 []


Underfull \vbox (badness 10000) detected at line 137
 []

TextBlockOrigin set to -18pt x -2pt
<figures/logo/NYULMC_white.jpg, id=4, 401.5pt x 169.63374pt>
File: figures/logo/NYULMC_white.jpg Graphic file (type jpg)

<use figures/logo/NYULMC_white.jpg>
Underfull \hbox (badness 10000) has occurred while \output is active
[][]
 []


Package Fancyhdr Warning: \headheight is too small (12.0pt): 
 Make it at least 36.4pt.
 We now make it that large for the rest of the document.
 This may cause the page layout to be inconsistent, however.

[1{/usr/share/texmf/fonts/map/pdftex/updmap/pdftex.map}

 <./figures/logo/NYULMC_white.jpg> <./figures/histology/athymus2.jpg> <./figure
s/histology/bhistolokiwi.jpg> <./figures/histology/SimpleColumnarEpithelium1_0.
jpg>]
TextBlockOrigin set to -18pt x -2pt
File: figures/logo/NYULMC_white.jpg Graphic file (type jpg)
<use figures/logo/NYULMC_white.jpg>
Underfull \hbox (badness 10000) has occurred while \output is active
[][]
 []

[2]
LaTeX Font Info:    External font `cmex10' loaded for size
(Font)              <12> on input line 168.
LaTeX Font Info:    External font `cmex10' loaded for size
(Font)              <8> on input line 168.
LaTeX Font Info:    External font `cmex10' loaded for size
(Font)              <6> on input line 168.


Package xcolor Warning: Incompatible color definition on input line 170.

LaTeX Font Info:    Font shape `OT1/cmtt/bx/n' in size <10> not available
(Font)              Font shape `OT1/cmtt/m/n' tried instead on input line 172.
LaTeX Font Info:    Try loading font information for TS1+cmtt on input line 172
.
(/usr/share/texmf/tex/latex/base/ts1cmtt.fd
File: ts1cmtt.fd 1999/05/25 v2.5h Standard LaTeX font definitions
)
TextBlockOrigin set to -18pt x -2pt
File: figures/logo/NYULMC_white.jpg Graphic file (type jpg)
<use figures/logo/NYULMC_white.jpg>
Underfull \hbox (badness 10000) has occurred while \output is active
[][]
 []

[3

] (./genomic_variant_report.aux)

 *File List*
 article.cls    2005/09/16 v1.4f Standard LaTeX document class
  size12.clo    2005/09/16 v1.4f Standard LaTeX file (size option)
graphicx.sty    1999/02/16 v1.0f Enhanced LaTeX Graphics (DPC,SPQR)
  keyval.sty    1999/03/16 v1.13 key=value parser (DPC)
graphics.sty    2006/02/20 v1.0o Standard LaTeX Graphics (DPC,SPQR)
    trig.sty    1999/03/16 v1.09 sin cos tan (DPC)
graphics.cfg    2007/01/18 v1.5 graphics configuration of teTeX/TeXLive
  pdftex.def    2007/01/08 v0.04d Graphics/color for pdfTeX
   color.sty    1999/02/16
   color.cfg    2007/01/18 v1.5 color configuration of teTeX/TeXLive
  framed.sty    2011/10/22 v 0.96: framed or shaded text with page breaks
   alltt.sty    1997/06/16 v2.0g defines alltt environment
  helvet.sty    2005/04/12 PSNFSS-v9.2a (WaS) 
  a4wide.sty    1994/08/30
      a4.sty    2004/04/15 v1.2g A4 based page layout
     ucs.sty    2004/10/17 UCS: Unicode input support
uni-global.def    2004/10/17 UCS: Unicode global data
inputenc.sty    2006/05/05 v1.1b Input encoding file
   utf8x.def    2004/10/17 UCS: Input encoding UTF-8
   babel.sty    2005/11/23 v3.8h The Babel package
 english.ldf    2005/03/30 v3.3o English support from the babel system
    cite.sty    2003/11/04  v 4.01
 textpos.sty    2006/09/02 v1.7a
everyshi.sty    2001/05/15 v3.00 EveryShipout Package (MS)
tabularx.sty    1999/01/07 v2.07 `tabularx' package (DPC)
   array.sty    2005/08/23 v2.4b Tabular extension package (FMi)
tabulary.sty    2003/09/14 v0.8 tabulary package (DPC)
fancyhdr.sty    
  xcolor.sty    2007/01/21 v2.11 LaTeX color extensions (UK)
   color.cfg    2007/01/18 v1.5 color configuration of teTeX/TeXLive
colortbl.sty    2001/02/13 v0.1j Color table columns (DPC)
longtable.sty    2004/02/01 v4.11 Multi-page Table package (DPC)
 upquote.sty    2003/08/11 v1.1 Covington's upright-quote modification to verba
tim and verb
textcomp.sty    2005/09/27 v1.99g Standard LaTeX package
  ts1enc.def    2001/06/05 v3.0e (jk/car/fm) Standard LaTeX file
  ts1cmr.fd    1999/05/25 v2.5h Standard LaTeX font definitions
  ot1phv.fd    2001/06/04 scalable font definitions for OT1/phv.
supp-pdf.tex
 ucsencs.def    2003/11/29 Fixes to fontencodings LGR, T3
figures/histology/athymus2.jpg
figures/histology/bhistolokiwi.jpg
figures/histology/SimpleColumnarEpithelium1_0.jpg
figures/logo/NYULMC_white.jpg
figures/logo/NYULMC_white.jpg
 ts1cmtt.fd    1999/05/25 v2.5h Standard LaTeX font definitions
figures/logo/NYULMC_white.jpg
 ***********

 ) 
Here is how much of TeX's memory you used:
 3116 strings out of 256214
 41711 string characters out of 1917000
 111106 words of memory out of 1500000
 6330 multiletter control sequences out of 10000+200000
 17626 words of font info for 38 fonts, out of 1200000 for 2000
 645 hyphenation exceptions out of 8191
 41i,19n,43p,350b,538s stack positions out of 5000i,500n,6000p,200000b,15000s
 </ifs/home/kellys04/.texlive2007/texmf-var/fonts/pk/ljfour/jknappen/ec/tctt1
000.600pk>{/usr/share/texmf/fonts/enc/dvips/base/8r.enc}</usr/share/texmf/fonts
/type1/bluesky/cm/cmmi12.pfb></usr/share/texmf/fonts/type1/bluesky/cm/cmr12.pfb
></usr/share/texmf/fonts/type1/bluesky/cm/cmtt10.pfb></usr/share/texmf/fonts/ty
pe1/urw/helvetic/uhvb8a.pfb></usr/share/texmf/fonts/type1/urw/helvetic/uhvr8a.p
fb>
Output written on genomic_variant_report.pdf (3 pages, 1539917 bytes).
PDF statistics:
 42 PDF objects out of 1000 (max. 8388607)
 0 named destinations out of 1000 (max. 131072)
 21 words of extra memory for PDF output out of 10000 (max. 10000000)

